<html>
<head>
<title>TestNG:  Command line test</title>
<link href="../testng.css" rel="stylesheet" type="text/css" />
<link href="../my-testng.css" rel="stylesheet" type="text/css" />

<style type="text/css">
.log { display: none;} 
.stack-trace { display: none;} 
</style>
<script type="text/javascript">
<!--
function flip(e) {
  current = e.style.display;
  if (current == 'block') {
    e.style.display = 'none';
    return 0;
  }
  else {
    e.style.display = 'block';
    return 1;
  }
}

function toggleBox(szDivId, elem, msg1, msg2)
{
  var res = -1;  if (document.getElementById) {
    res = flip(document.getElementById(szDivId));
  }
  else if (document.all) {
    // this is the way old msie versions work
    res = flip(document.all[szDivId]);
  }
  if(elem) {
    if(res == 0) elem.innerHTML = msg1; else elem.innerHTML = msg2;
  }

}

function toggleAllBoxes() {
  if (document.getElementsByTagName) {
    d = document.getElementsByTagName('div');
    for (i = 0; i < d.length; i++) {
      if (d[i].className == 'log') {
        flip(d[i]);
      }
    }
  }
}

// -->
</script>

</head>
<body>
<h2 align='center'>Command line test</h2><table border='1' align="center">
<tr>
<td>Tests passed/Failed/Skipped:</td><td>176/0/0</td>
</tr><tr>
<td>Started on:</td><td>Fri May 31 14:43:07 CEST 2013</td>
</tr>
<tr><td>Total time:</td><td>0 seconds (738 ms)</td>
</tr><tr>
<td>Included groups:</td><td></td>
</tr><tr>
<td>Excluded groups:</td><td></td>
</tr>
</table><p/>
<small><i>(Hover the method name to see the test class name)</i></small><p/>
<table width='100%' border='1' class='invocation-passed'>
<tr><td colspan='4' align='center'><b>PASSED TESTS</b></td></tr>
<tr><td><b>Test method</b></td>
<td width="30%"><b>Exception</b></td>
<td width="10%"><b>Time (seconds)</b></td>
<td><b>Instance</b></td>
</tr>
<tr>
<td title='org.identityconnectors.framework.common.objects.FilterBuilderTests.andFilter()'><b>andFilter</b><br>Test class: org.identityconnectors.framework.common.objects.FilterBuilderTests</td>
<td></td>
<td>0</td>
<td>org.identityconnectors.framework.common.objects.FilterBuilderTests@46446e0c</td></tr>
<tr>
<td title='org.identityconnectors.framework.common.objects.AttributeBuilderTests.buildBoolean()'><b>buildBoolean</b><br>Test class: org.identityconnectors.framework.common.objects.AttributeBuilderTests</td>
<td></td>
<td>0</td>
<td>org.identityconnectors.framework.common.objects.AttributeBuilderTests@499977e3</td></tr>
<tr>
<td title='org.identityconnectors.common.logging.LogTests.checkBasicLogging()'><b>checkBasicLogging</b><br>Test class: org.identityconnectors.common.logging.LogTests</td>
<td></td>
<td>0</td>
<td>org.identityconnectors.common.logging.LogTests@390853bb</td></tr>
<tr>
<td title='org.identityconnectors.common.logging.LogTests.checkBasicLoggingOff()'><b>checkBasicLoggingOff</b><br>Test class: org.identityconnectors.common.logging.LogTests</td>
<td></td>
<td>0</td>
<td>org.identityconnectors.common.logging.LogTests@390853bb</td></tr>
<tr>
<td title='org.identityconnectors.common.logging.LogTests.checkBasicLoggingWithExceptionAndFormating()'><b>checkBasicLoggingWithExceptionAndFormating</b><br>Test class: org.identityconnectors.common.logging.LogTests</td>
<td></td>
<td>0</td>
<td>org.identityconnectors.common.logging.LogTests@390853bb</td></tr>
<tr>
<td title='org.identityconnectors.common.logging.LogTests.checkBasicLoggingWithFormating()'><b>checkBasicLoggingWithFormating</b><br>Test class: org.identityconnectors.common.logging.LogTests</td>
<td></td>
<td>0</td>
<td>org.identityconnectors.common.logging.LogTests@390853bb</td></tr>
<tr>
<td title='org.identityconnectors.common.logging.LogTests.checkFullLogMessage()'><b>checkFullLogMessage</b><br>Test class: org.identityconnectors.common.logging.LogTests</td>
<td></td>
<td>0</td>
<td>org.identityconnectors.common.logging.LogTests@390853bb</td></tr>
<tr>
<td title='org.identityconnectors.common.logging.LogTests.checkGetLog()'><b>checkGetLog</b><br>Test class: org.identityconnectors.common.logging.LogTests</td>
<td><div><pre>java.lang.IllegalArgumentException
	at org.identityconnectors.common.logging.Log.getLog(Log.java:133)
	at org.identityconnectors.common.logging.LogTests.checkGetLog(LogTests.java:293)
... Removed 34 stack frames</pre></div><a href='#' onClick='toggleBox("stack-trace1107156527", this, "Click to show all stack frames", "Click to hide stack frames")'>Click to show all stack frames</a>
<div class='stack-trace' id='stack-trace1107156527'><pre>java.lang.IllegalArgumentException
	at org.identityconnectors.common.logging.Log.getLog(Log.java:133)
	at org.identityconnectors.common.logging.LogTests.checkGetLog(LogTests.java:293)
	at sun.reflect.NativeMethodAccessorImpl.invoke0(Native Method)
	at sun.reflect.NativeMethodAccessorImpl.invoke(NativeMethodAccessorImpl.java:57)
	at sun.reflect.DelegatingMethodAccessorImpl.invoke(DelegatingMethodAccessorImpl.java:43)
	at java.lang.reflect.Method.invoke(Method.java:601)
	at org.testng.internal.MethodInvocationHelper.invokeMethod(MethodInvocationHelper.java:84)
	at org.testng.internal.Invoker.invokeMethod(Invoker.java:714)
	at org.testng.internal.Invoker.invokeTestMethod(Invoker.java:901)
	at org.testng.internal.Invoker.invokeTestMethods(Invoker.java:1231)
	at org.testng.internal.TestMethodWorker.invokeTestMethods(TestMethodWorker.java:127)
	at org.testng.internal.TestMethodWorker.run(TestMethodWorker.java:111)
	at org.testng.TestRunner.privateRun(TestRunner.java:767)
	at org.testng.TestRunner.run(TestRunner.java:617)
	at org.testng.SuiteRunner.runTest(SuiteRunner.java:334)
	at org.testng.SuiteRunner.runSequentially(SuiteRunner.java:329)
	at org.testng.SuiteRunner.privateRun(SuiteRunner.java:291)
	at org.testng.SuiteRunner.run(SuiteRunner.java:240)
	at org.testng.SuiteRunnerWorker.runSuite(SuiteRunnerWorker.java:52)
	at org.testng.SuiteRunnerWorker.run(SuiteRunnerWorker.java:86)
	at org.testng.TestNG.runSuitesSequentially(TestNG.java:1224)
	at org.testng.TestNG.runSuitesLocally(TestNG.java:1149)
	at org.testng.TestNG.run(TestNG.java:1057)
	at org.apache.maven.surefire.testng.TestNGExecutor.run(TestNGExecutor.java:77)
	at org.apache.maven.surefire.testng.TestNGDirectoryTestSuite.executeMulti(TestNGDirectoryTestSuite.java:189)
	at org.apache.maven.surefire.testng.TestNGDirectoryTestSuite.execute(TestNGDirectoryTestSuite.java:105)
	at org.apache.maven.surefire.testng.TestNGProvider.invoke(TestNGProvider.java:117)
	at sun.reflect.NativeMethodAccessorImpl.invoke0(Native Method)
	at sun.reflect.NativeMethodAccessorImpl.invoke(NativeMethodAccessorImpl.java:57)
	at sun.reflect.DelegatingMethodAccessorImpl.invoke(DelegatingMethodAccessorImpl.java:43)
	at java.lang.reflect.Method.invoke(Method.java:601)
	at org.apache.maven.surefire.util.ReflectionUtils.invokeMethodWithArray2(ReflectionUtils.java:208)
	at org.apache.maven.surefire.booter.ProviderFactory$ProviderProxy.invoke(ProviderFactory.java:159)
	at org.apache.maven.surefire.booter.ProviderFactory.invokeProvider(ProviderFactory.java:87)
	at org.apache.maven.surefire.booter.ForkedBooter.runSuitesInProcess(ForkedBooter.java:153)
	at org.apache.maven.surefire.booter.ForkedBooter.main(ForkedBooter.java:95)
</pre></div></td>
<td>0</td>
<td>org.identityconnectors.common.logging.LogTests@390853bb</td></tr>
<tr>
<td title='org.identityconnectors.common.logging.LogTests.checkIsLoggableMethods()'><b>checkIsLoggableMethods</b><br>Test class: org.identityconnectors.common.logging.LogTests</td>
<td></td>
<td>0</td>
<td>org.identityconnectors.common.logging.LogTests@390853bb</td></tr>
<tr>
<td title='org.identityconnectors.common.logging.StdOutLoggerTests.checkIsLogger()'><b>checkIsLogger</b><br>Test class: org.identityconnectors.common.logging.StdOutLoggerTests</td>
<td></td>
<td>0</td>
<td>org.identityconnectors.common.logging.StdOutLoggerTests@7f261b7d</td></tr>
<tr>
<td title='org.identityconnectors.common.logging.StdOutLoggerTests.checkLogFormat()'><b>checkLogFormat</b><br>Test class: org.identityconnectors.common.logging.StdOutLoggerTests</td>
<td></td>
<td>0</td>
<td>org.identityconnectors.common.logging.StdOutLoggerTests@7f261b7d</td></tr>
<tr>
<td title='org.identityconnectors.common.logging.LogTests.checkMessageLog()'><b>checkMessageLog</b><br>Test class: org.identityconnectors.common.logging.LogTests</td>
<td></td>
<td>0</td>
<td>org.identityconnectors.common.logging.LogTests@390853bb</td></tr>
<tr>
<td title='org.identityconnectors.common.logging.LogTests.checkSystemProperty()'><b>checkSystemProperty</b><br>Test class: org.identityconnectors.common.logging.LogTests</td>
<td></td>
<td>0</td>
<td>org.identityconnectors.common.logging.LogTests@390853bb</td></tr>
<tr>
<td title='org.identityconnectors.framework.common.objects.FilterBuilderTests.constainsWithFilter()'><b>constainsWithFilter</b><br>Test class: org.identityconnectors.framework.common.objects.FilterBuilderTests</td>
<td></td>
<td>0</td>
<td>org.identityconnectors.framework.common.objects.FilterBuilderTests@46446e0c</td></tr>
<tr>
<td title='org.identityconnectors.framework.common.objects.FilterBuilderTests.containsAllValuesFilterFalse()'><b>containsAllValuesFilterFalse</b><br>Test class: org.identityconnectors.framework.common.objects.FilterBuilderTests</td>
<td></td>
<td>0</td>
<td>org.identityconnectors.framework.common.objects.FilterBuilderTests@46446e0c</td></tr>
<tr>
<td title='org.identityconnectors.framework.common.objects.FilterBuilderTests.containsAllValuesFilterTrue()'><b>containsAllValuesFilterTrue</b><br>Test class: org.identityconnectors.framework.common.objects.FilterBuilderTests</td>
<td></td>
<td>0</td>
<td>org.identityconnectors.framework.common.objects.FilterBuilderTests@46446e0c</td></tr>
<tr>
<td title='org.identityconnectors.framework.common.objects.FilterBuilderTests.endsWithFilter()'><b>endsWithFilter</b><br>Test class: org.identityconnectors.framework.common.objects.FilterBuilderTests</td>
<td></td>
<td>0</td>
<td>org.identityconnectors.framework.common.objects.FilterBuilderTests@46446e0c</td></tr>
<tr>
<td title='org.identityconnectors.common.PairTests.equals()'><b>equals</b><br>Test class: org.identityconnectors.common.PairTests</td>
<td></td>
<td>0</td>
<td>org.identityconnectors.common.PairTests@63190346</td></tr>
<tr>
<td title='org.identityconnectors.framework.common.objects.FilterBuilderTests.equalsFilter()'><b>equalsFilter</b><br>Test class: org.identityconnectors.framework.common.objects.FilterBuilderTests</td>
<td></td>
<td>0</td>
<td>org.identityconnectors.framework.common.objects.FilterBuilderTests@46446e0c</td></tr>
<tr>
<td title='org.identityconnectors.common.ReflectionUtilTests.functional()'><b>functional</b><br>Test class: org.identityconnectors.common.ReflectionUtilTests</td>
<td></td>
<td>0</td>
<td>org.identityconnectors.common.ReflectionUtilTests@5e406eac</td></tr>
<tr>
<td title='org.identityconnectors.common.StringPrintWriterTests.getReader()'><b>getReader</b><br>Test class: org.identityconnectors.common.StringPrintWriterTests</td>
<td></td>
<td>0</td>
<td>org.identityconnectors.common.StringPrintWriterTests@44e5f21e</td></tr>
<tr>
<td title='org.identityconnectors.common.StringPrintWriterTests.getString()'><b>getString</b><br>Test class: org.identityconnectors.common.StringPrintWriterTests</td>
<td></td>
<td>0</td>
<td>org.identityconnectors.common.StringPrintWriterTests@44e5f21e</td></tr>
<tr>
<td title='org.identityconnectors.framework.common.objects.FilterBuilderTests.greaterThanEqualsToFilter()'><b>greaterThanEqualsToFilter</b><br>Test class: org.identityconnectors.framework.common.objects.FilterBuilderTests</td>
<td></td>
<td>0</td>
<td>org.identityconnectors.framework.common.objects.FilterBuilderTests@46446e0c</td></tr>
<tr>
<td title='org.identityconnectors.framework.common.objects.FilterBuilderTests.greaterThanFilter()'><b>greaterThanFilter</b><br>Test class: org.identityconnectors.framework.common.objects.FilterBuilderTests</td>
<td></td>
<td>0</td>
<td>org.identityconnectors.framework.common.objects.FilterBuilderTests@46446e0c</td></tr>
<tr>
<td title='org.identityconnectors.common.PairTests.hash()'><b>hash</b><br>Test class: org.identityconnectors.common.PairTests</td>
<td></td>
<td>0</td>
<td>org.identityconnectors.common.PairTests@63190346</td></tr>
<tr>
<td title='org.identityconnectors.framework.common.objects.FilterBuilderTests.illegalArgument()'><b>illegalArgument</b><br>Test class: org.identityconnectors.framework.common.objects.FilterBuilderTests</td>
<td><div><pre>java.lang.IllegalArgumentException: Attribute not be null!
	at org.identityconnectors.framework.common.objects.filter.AttributeFilter.&lt;init&gt;(AttributeFilter.java:38)
	at org.identityconnectors.framework.common.objects.filter.SingleValueAttributeFilter.&lt;init&gt;(SingleValueAttributeFilter.java:37)
	at org.identityconnectors.framework.common.objects.filter.ComparableAttributeFilter.&lt;init&gt;(ComparableAttributeFilter.java:38)
	at org.identityconnectors.framework.common.objects.filter.LessThanFilter.&lt;init&gt;(LessThanFilter.java:31)
	at org.identityconnectors.framework.common.objects.filter.FilterBuilder.lessThan(FilterBuilder.java:312)
	at org.identityconnectors.framework.common.objects.FilterBuilderTests.illegalArgument(FilterBuilderTests.java:218)
... Removed 34 stack frames</pre></div><a href='#' onClick='toggleBox("stack-trace37075049", this, "Click to show all stack frames", "Click to hide stack frames")'>Click to show all stack frames</a>
<div class='stack-trace' id='stack-trace37075049'><pre>java.lang.IllegalArgumentException: Attribute not be null!
	at org.identityconnectors.framework.common.objects.filter.AttributeFilter.&lt;init&gt;(AttributeFilter.java:38)
	at org.identityconnectors.framework.common.objects.filter.SingleValueAttributeFilter.&lt;init&gt;(SingleValueAttributeFilter.java:37)
	at org.identityconnectors.framework.common.objects.filter.ComparableAttributeFilter.&lt;init&gt;(ComparableAttributeFilter.java:38)
	at org.identityconnectors.framework.common.objects.filter.LessThanFilter.&lt;init&gt;(LessThanFilter.java:31)
	at org.identityconnectors.framework.common.objects.filter.FilterBuilder.lessThan(FilterBuilder.java:312)
	at org.identityconnectors.framework.common.objects.FilterBuilderTests.illegalArgument(FilterBuilderTests.java:218)
	at sun.reflect.NativeMethodAccessorImpl.invoke0(Native Method)
	at sun.reflect.NativeMethodAccessorImpl.invoke(NativeMethodAccessorImpl.java:57)
	at sun.reflect.DelegatingMethodAccessorImpl.invoke(DelegatingMethodAccessorImpl.java:43)
	at java.lang.reflect.Method.invoke(Method.java:601)
	at org.testng.internal.MethodInvocationHelper.invokeMethod(MethodInvocationHelper.java:84)
	at org.testng.internal.Invoker.invokeMethod(Invoker.java:714)
	at org.testng.internal.Invoker.invokeTestMethod(Invoker.java:901)
	at org.testng.internal.Invoker.invokeTestMethods(Invoker.java:1231)
	at org.testng.internal.TestMethodWorker.invokeTestMethods(TestMethodWorker.java:127)
	at org.testng.internal.TestMethodWorker.run(TestMethodWorker.java:111)
	at org.testng.TestRunner.privateRun(TestRunner.java:767)
	at org.testng.TestRunner.run(TestRunner.java:617)
	at org.testng.SuiteRunner.runTest(SuiteRunner.java:334)
	at org.testng.SuiteRunner.runSequentially(SuiteRunner.java:329)
	at org.testng.SuiteRunner.privateRun(SuiteRunner.java:291)
	at org.testng.SuiteRunner.run(SuiteRunner.java:240)
	at org.testng.SuiteRunnerWorker.runSuite(SuiteRunnerWorker.java:52)
	at org.testng.SuiteRunnerWorker.run(SuiteRunnerWorker.java:86)
	at org.testng.TestNG.runSuitesSequentially(TestNG.java:1224)
	at org.testng.TestNG.runSuitesLocally(TestNG.java:1149)
	at org.testng.TestNG.run(TestNG.java:1057)
	at org.apache.maven.surefire.testng.TestNGExecutor.run(TestNGExecutor.java:77)
	at org.apache.maven.surefire.testng.TestNGDirectoryTestSuite.executeMulti(TestNGDirectoryTestSuite.java:189)
	at org.apache.maven.surefire.testng.TestNGDirectoryTestSuite.execute(TestNGDirectoryTestSuite.java:105)
	at org.apache.maven.surefire.testng.TestNGProvider.invoke(TestNGProvider.java:117)
	at sun.reflect.NativeMethodAccessorImpl.invoke0(Native Method)
	at sun.reflect.NativeMethodAccessorImpl.invoke(NativeMethodAccessorImpl.java:57)
	at sun.reflect.DelegatingMethodAccessorImpl.invoke(DelegatingMethodAccessorImpl.java:43)
	at java.lang.reflect.Method.invoke(Method.java:601)
	at org.apache.maven.surefire.util.ReflectionUtils.invokeMethodWithArray2(ReflectionUtils.java:208)
	at org.apache.maven.surefire.booter.ProviderFactory$ProviderProxy.invoke(ProviderFactory.java:159)
	at org.apache.maven.surefire.booter.ProviderFactory.invokeProvider(ProviderFactory.java:87)
	at org.apache.maven.surefire.booter.ForkedBooter.runSuitesInProcess(ForkedBooter.java:153)
	at org.apache.maven.surefire.booter.ForkedBooter.main(ForkedBooter.java:95)
</pre></div></td>
<td>0</td>
<td>org.identityconnectors.framework.common.objects.FilterBuilderTests@46446e0c</td></tr>
<tr>
<td title='org.identityconnectors.framework.common.objects.FilterBuilderTests.lessThanEqualToFilter()'><b>lessThanEqualToFilter</b><br>Test class: org.identityconnectors.framework.common.objects.FilterBuilderTests</td>
<td></td>
<td>0</td>
<td>org.identityconnectors.framework.common.objects.FilterBuilderTests@46446e0c</td></tr>
<tr>
<td title='org.identityconnectors.framework.common.objects.FilterBuilderTests.lessThanFilter()'><b>lessThanFilter</b><br>Test class: org.identityconnectors.framework.common.objects.FilterBuilderTests</td>
<td></td>
<td>0</td>
<td>org.identityconnectors.framework.common.objects.FilterBuilderTests@46446e0c</td></tr>
<tr>
<td title='org.identityconnectors.framework.common.objects.AttributeBuilderTests.nameFromBuilder()'><b>nameFromBuilder</b><br>Test class: org.identityconnectors.framework.common.objects.AttributeBuilderTests</td>
<td><div><pre>java.lang.IllegalArgumentException: Must be a single value.
	at org.identityconnectors.framework.common.objects.AttributeBuilder.checkSingleValue(AttributeBuilder.java:200)
	at org.identityconnectors.framework.common.objects.AttributeBuilder.getSingleStringValue(AttributeBuilder.java:211)
	at org.identityconnectors.framework.common.objects.AttributeBuilder.build(AttributeBuilder.java:186)
	at org.identityconnectors.framework.common.objects.AttributeBuilder.build(AttributeBuilder.java:69)
	at org.identityconnectors.framework.common.objects.AttributeBuilderTests.nameFromBuilder(AttributeBuilderTests.java:101)
... Removed 34 stack frames</pre></div><a href='#' onClick='toggleBox("stack-trace809466180", this, "Click to show all stack frames", "Click to hide stack frames")'>Click to show all stack frames</a>
<div class='stack-trace' id='stack-trace809466180'><pre>java.lang.IllegalArgumentException: Must be a single value.
	at org.identityconnectors.framework.common.objects.AttributeBuilder.checkSingleValue(AttributeBuilder.java:200)
	at org.identityconnectors.framework.common.objects.AttributeBuilder.getSingleStringValue(AttributeBuilder.java:211)
	at org.identityconnectors.framework.common.objects.AttributeBuilder.build(AttributeBuilder.java:186)
	at org.identityconnectors.framework.common.objects.AttributeBuilder.build(AttributeBuilder.java:69)
	at org.identityconnectors.framework.common.objects.AttributeBuilderTests.nameFromBuilder(AttributeBuilderTests.java:101)
	at sun.reflect.NativeMethodAccessorImpl.invoke0(Native Method)
	at sun.reflect.NativeMethodAccessorImpl.invoke(NativeMethodAccessorImpl.java:57)
	at sun.reflect.DelegatingMethodAccessorImpl.invoke(DelegatingMethodAccessorImpl.java:43)
	at java.lang.reflect.Method.invoke(Method.java:601)
	at org.testng.internal.MethodInvocationHelper.invokeMethod(MethodInvocationHelper.java:84)
	at org.testng.internal.Invoker.invokeMethod(Invoker.java:714)
	at org.testng.internal.Invoker.invokeTestMethod(Invoker.java:901)
	at org.testng.internal.Invoker.invokeTestMethods(Invoker.java:1231)
	at org.testng.internal.TestMethodWorker.invokeTestMethods(TestMethodWorker.java:127)
	at org.testng.internal.TestMethodWorker.run(TestMethodWorker.java:111)
	at org.testng.TestRunner.privateRun(TestRunner.java:767)
	at org.testng.TestRunner.run(TestRunner.java:617)
	at org.testng.SuiteRunner.runTest(SuiteRunner.java:334)
	at org.testng.SuiteRunner.runSequentially(SuiteRunner.java:329)
	at org.testng.SuiteRunner.privateRun(SuiteRunner.java:291)
	at org.testng.SuiteRunner.run(SuiteRunner.java:240)
	at org.testng.SuiteRunnerWorker.runSuite(SuiteRunnerWorker.java:52)
	at org.testng.SuiteRunnerWorker.run(SuiteRunnerWorker.java:86)
	at org.testng.TestNG.runSuitesSequentially(TestNG.java:1224)
	at org.testng.TestNG.runSuitesLocally(TestNG.java:1149)
	at org.testng.TestNG.run(TestNG.java:1057)
	at org.apache.maven.surefire.testng.TestNGExecutor.run(TestNGExecutor.java:77)
	at org.apache.maven.surefire.testng.TestNGDirectoryTestSuite.executeMulti(TestNGDirectoryTestSuite.java:189)
	at org.apache.maven.surefire.testng.TestNGDirectoryTestSuite.execute(TestNGDirectoryTestSuite.java:105)
	at org.apache.maven.surefire.testng.TestNGProvider.invoke(TestNGProvider.java:117)
	at sun.reflect.NativeMethodAccessorImpl.invoke0(Native Method)
	at sun.reflect.NativeMethodAccessorImpl.invoke(NativeMethodAccessorImpl.java:57)
	at sun.reflect.DelegatingMethodAccessorImpl.invoke(DelegatingMethodAccessorImpl.java:43)
	at java.lang.reflect.Method.invoke(Method.java:601)
	at org.apache.maven.surefire.util.ReflectionUtils.invokeMethodWithArray2(ReflectionUtils.java:208)
	at org.apache.maven.surefire.booter.ProviderFactory$ProviderProxy.invoke(ProviderFactory.java:159)
	at org.apache.maven.surefire.booter.ProviderFactory.invokeProvider(ProviderFactory.java:87)
	at org.apache.maven.surefire.booter.ForkedBooter.runSuitesInProcess(ForkedBooter.java:153)
	at org.apache.maven.surefire.booter.ForkedBooter.main(ForkedBooter.java:95)
</pre></div></td>
<td>0</td>
<td>org.identityconnectors.framework.common.objects.AttributeBuilderTests@499977e3</td></tr>
<tr>
<td title='org.identityconnectors.framework.common.objects.FilterBuilderTests.notFilter()'><b>notFilter</b><br>Test class: org.identityconnectors.framework.common.objects.FilterBuilderTests</td>
<td></td>
<td>0</td>
<td>org.identityconnectors.framework.common.objects.FilterBuilderTests@46446e0c</td></tr>
<tr>
<td title='org.identityconnectors.framework.common.objects.AttributeBuilderTests.nullAttribute()'><b>nullAttribute</b><br>Test class: org.identityconnectors.framework.common.objects.AttributeBuilderTests</td>
<td></td>
<td>0</td>
<td>org.identityconnectors.framework.common.objects.AttributeBuilderTests@499977e3</td></tr>
<tr>
<td title='org.identityconnectors.framework.common.objects.FilterBuilderTests.orFilter()'><b>orFilter</b><br>Test class: org.identityconnectors.framework.common.objects.FilterBuilderTests</td>
<td></td>
<td>0</td>
<td>org.identityconnectors.framework.common.objects.FilterBuilderTests@46446e0c</td></tr>
<tr>
<td title='org.identityconnectors.common.StringPrintWriterTests.printArray()'><b>printArray</b><br>Test class: org.identityconnectors.common.StringPrintWriterTests</td>
<td></td>
<td>0</td>
<td>org.identityconnectors.common.StringPrintWriterTests@44e5f21e</td></tr>
<tr>
<td title='org.identityconnectors.common.StringPrintWriterTests.println()'><b>println</b><br>Test class: org.identityconnectors.common.StringPrintWriterTests</td>
<td></td>
<td>0</td>
<td>org.identityconnectors.common.StringPrintWriterTests@44e5f21e</td></tr>
<tr>
<td title='org.identityconnectors.common.IOUtilsTests.quietClose()'><b>quietClose</b><br>Test class: org.identityconnectors.common.IOUtilsTests</td>
<td></td>
<td>0</td>
<td>org.identityconnectors.common.IOUtilsTests@58220e8b</td></tr>
<tr>
<td title='org.identityconnectors.common.IOUtilsTests.resourcePath()'><b>resourcePath</b><br>Test class: org.identityconnectors.common.IOUtilsTests</td>
<td></td>
<td>0</td>
<td>org.identityconnectors.common.IOUtilsTests@58220e8b</td></tr>
<tr>
<td title='org.identityconnectors.framework.common.objects.FilterBuilderTests.startsWithFilter()'><b>startsWithFilter</b><br>Test class: org.identityconnectors.framework.common.objects.FilterBuilderTests</td>
<td></td>
<td>0</td>
<td>org.identityconnectors.framework.common.objects.FilterBuilderTests@46446e0c</td></tr>
<tr>
<td title='org.identityconnectors.framework.common.objects.ObjectClassInfoTests.testAllDuplicate()'><b>testAllDuplicate</b><br>Test class: org.identityconnectors.framework.common.objects.ObjectClassInfoTests</td>
<td><div><pre>java.lang.IllegalArgumentException: AttributeInfo of name &apos;bob&apos; already exists!
	at org.identityconnectors.framework.common.objects.ObjectClassInfoBuilder.addAttributeInfo(ObjectClassInfoBuilder.java:70)
	at org.identityconnectors.framework.common.objects.ObjectClassInfoBuilder.addAllAttributeInfo(ObjectClassInfoBuilder.java:83)
	at org.identityconnectors.framework.common.objects.ObjectClassInfoTests.testAllDuplicate(ObjectClassInfoTests.java:70)
... Removed 34 stack frames</pre></div><a href='#' onClick='toggleBox("stack-trace1675093495", this, "Click to show all stack frames", "Click to hide stack frames")'>Click to show all stack frames</a>
<div class='stack-trace' id='stack-trace1675093495'><pre>java.lang.IllegalArgumentException: AttributeInfo of name &apos;bob&apos; already exists!
	at org.identityconnectors.framework.common.objects.ObjectClassInfoBuilder.addAttributeInfo(ObjectClassInfoBuilder.java:70)
	at org.identityconnectors.framework.common.objects.ObjectClassInfoBuilder.addAllAttributeInfo(ObjectClassInfoBuilder.java:83)
	at org.identityconnectors.framework.common.objects.ObjectClassInfoTests.testAllDuplicate(ObjectClassInfoTests.java:70)
	at sun.reflect.NativeMethodAccessorImpl.invoke0(Native Method)
	at sun.reflect.NativeMethodAccessorImpl.invoke(NativeMethodAccessorImpl.java:57)
	at sun.reflect.DelegatingMethodAccessorImpl.invoke(DelegatingMethodAccessorImpl.java:43)
	at java.lang.reflect.Method.invoke(Method.java:601)
	at org.testng.internal.MethodInvocationHelper.invokeMethod(MethodInvocationHelper.java:84)
	at org.testng.internal.Invoker.invokeMethod(Invoker.java:714)
	at org.testng.internal.Invoker.invokeTestMethod(Invoker.java:901)
	at org.testng.internal.Invoker.invokeTestMethods(Invoker.java:1231)
	at org.testng.internal.TestMethodWorker.invokeTestMethods(TestMethodWorker.java:127)
	at org.testng.internal.TestMethodWorker.run(TestMethodWorker.java:111)
	at org.testng.TestRunner.privateRun(TestRunner.java:767)
	at org.testng.TestRunner.run(TestRunner.java:617)
	at org.testng.SuiteRunner.runTest(SuiteRunner.java:334)
	at org.testng.SuiteRunner.runSequentially(SuiteRunner.java:329)
	at org.testng.SuiteRunner.privateRun(SuiteRunner.java:291)
	at org.testng.SuiteRunner.run(SuiteRunner.java:240)
	at org.testng.SuiteRunnerWorker.runSuite(SuiteRunnerWorker.java:52)
	at org.testng.SuiteRunnerWorker.run(SuiteRunnerWorker.java:86)
	at org.testng.TestNG.runSuitesSequentially(TestNG.java:1224)
	at org.testng.TestNG.runSuitesLocally(TestNG.java:1149)
	at org.testng.TestNG.run(TestNG.java:1057)
	at org.apache.maven.surefire.testng.TestNGExecutor.run(TestNGExecutor.java:77)
	at org.apache.maven.surefire.testng.TestNGDirectoryTestSuite.executeMulti(TestNGDirectoryTestSuite.java:189)
	at org.apache.maven.surefire.testng.TestNGDirectoryTestSuite.execute(TestNGDirectoryTestSuite.java:105)
	at org.apache.maven.surefire.testng.TestNGProvider.invoke(TestNGProvider.java:117)
	at sun.reflect.NativeMethodAccessorImpl.invoke0(Native Method)
	at sun.reflect.NativeMethodAccessorImpl.invoke(NativeMethodAccessorImpl.java:57)
	at sun.reflect.DelegatingMethodAccessorImpl.invoke(DelegatingMethodAccessorImpl.java:43)
	at java.lang.reflect.Method.invoke(Method.java:601)
	at org.apache.maven.surefire.util.ReflectionUtils.invokeMethodWithArray2(ReflectionUtils.java:208)
	at org.apache.maven.surefire.booter.ProviderFactory$ProviderProxy.invoke(ProviderFactory.java:159)
	at org.apache.maven.surefire.booter.ProviderFactory.invokeProvider(ProviderFactory.java:87)
	at org.apache.maven.surefire.booter.ForkedBooter.runSuitesInProcess(ForkedBooter.java:153)
	at org.apache.maven.surefire.booter.ForkedBooter.main(ForkedBooter.java:95)
</pre></div></td>
<td>0</td>
<td>org.identityconnectors.framework.common.objects.ObjectClassInfoTests@1b23b8f7</td></tr>
<tr>
<td title='org.identityconnectors.framework.common.objects.AttributeTests.testArrays()'><b>testArrays</b><br>Test class: org.identityconnectors.framework.common.objects.AttributeTests</td>
<td></td>
<td>0</td>
<td>org.identityconnectors.framework.common.objects.AttributeTests@1ed6ecc2</td></tr>
<tr>
<td title='org.identityconnectors.common.CollectionUtilTests.testAsList()'><b>testAsList</b><br>Test class: org.identityconnectors.common.CollectionUtilTests</td>
<td></td>
<td>0</td>
<td>org.identityconnectors.common.CollectionUtilTests@3694f9de</td></tr>
<tr>
<td title='org.identityconnectors.common.CollectionUtilTests.testAsSet()'><b>testAsSet</b><br>Test class: org.identityconnectors.common.CollectionUtilTests</td>
<td></td>
<td>0</td>
<td>org.identityconnectors.common.CollectionUtilTests@3694f9de</td></tr>
<tr>
<td title='org.identityconnectors.common.script.ScriptTests.testBasic()'><b>testBasic</b><br>Test class: org.identityconnectors.common.script.ScriptTests</td>
<td></td>
<td>0</td>
<td>org.identityconnectors.common.script.ScriptTests@23e8f4e1</td></tr>
<tr>
<td title='org.identityconnectors.framework.common.objects.filter.FilterTranslatorTests.testBasics()'><b>testBasics</b><br>Test class: org.identityconnectors.framework.common.objects.filter.FilterTranslatorTests</td>
<td></td>
<td>0</td>
<td>org.identityconnectors.framework.common.objects.filter.FilterTranslatorTests@2d97c1b1</td></tr>
<tr>
<td title='org.identityconnectors.common.security.GuardedByteArrayTests.testBasics()'><b>testBasics</b><br>Test class: org.identityconnectors.common.security.GuardedByteArrayTests</td>
<td></td>
<td>0</td>
<td>org.identityconnectors.common.security.GuardedByteArrayTests@2797e57c</td></tr>
<tr>
<td title='org.identityconnectors.common.security.GuardedStringTests.testBasics()'><b>testBasics</b><br>Test class: org.identityconnectors.common.security.GuardedStringTests</td>
<td></td>
<td>0</td>
<td>org.identityconnectors.common.security.GuardedStringTests@70ec46ff</td></tr>
<tr>
<td title='org.identityconnectors.common.EqualsHashCodeBuilderTests.testBeanComparison()'><b>testBeanComparison</b><br>Test class: org.identityconnectors.common.EqualsHashCodeBuilderTests</td>
<td></td>
<td>0</td>
<td>org.identityconnectors.common.EqualsHashCodeBuilderTests@7d4012b3</td></tr>
<tr>
<td title='org.identityconnectors.framework.common.objects.AttributeUtilTests.testBigDecimalValue()'><b>testBigDecimalValue</b><br>Test class: org.identityconnectors.framework.common.objects.AttributeUtilTests</td>
<td><div><pre>java.lang.ClassCastException: java.lang.String cannot be cast to java.math.BigDecimal
	at org.identityconnectors.framework.common.objects.AttributeUtil.getBigDecimalValue(AttributeUtil.java:189)
	at org.identityconnectors.framework.common.objects.AttributeUtilTests.testBigDecimalValue(AttributeUtilTests.java:130)
... Removed 34 stack frames</pre></div><a href='#' onClick='toggleBox("stack-trace1793066712", this, "Click to show all stack frames", "Click to hide stack frames")'>Click to show all stack frames</a>
<div class='stack-trace' id='stack-trace1793066712'><pre>java.lang.ClassCastException: java.lang.String cannot be cast to java.math.BigDecimal
	at org.identityconnectors.framework.common.objects.AttributeUtil.getBigDecimalValue(AttributeUtil.java:189)
	at org.identityconnectors.framework.common.objects.AttributeUtilTests.testBigDecimalValue(AttributeUtilTests.java:130)
	at sun.reflect.NativeMethodAccessorImpl.invoke0(Native Method)
	at sun.reflect.NativeMethodAccessorImpl.invoke(NativeMethodAccessorImpl.java:57)
	at sun.reflect.DelegatingMethodAccessorImpl.invoke(DelegatingMethodAccessorImpl.java:43)
	at java.lang.reflect.Method.invoke(Method.java:601)
	at org.testng.internal.MethodInvocationHelper.invokeMethod(MethodInvocationHelper.java:84)
	at org.testng.internal.Invoker.invokeMethod(Invoker.java:714)
	at org.testng.internal.Invoker.invokeTestMethod(Invoker.java:901)
	at org.testng.internal.Invoker.invokeTestMethods(Invoker.java:1231)
	at org.testng.internal.TestMethodWorker.invokeTestMethods(TestMethodWorker.java:127)
	at org.testng.internal.TestMethodWorker.run(TestMethodWorker.java:111)
	at org.testng.TestRunner.privateRun(TestRunner.java:767)
	at org.testng.TestRunner.run(TestRunner.java:617)
	at org.testng.SuiteRunner.runTest(SuiteRunner.java:334)
	at org.testng.SuiteRunner.runSequentially(SuiteRunner.java:329)
	at org.testng.SuiteRunner.privateRun(SuiteRunner.java:291)
	at org.testng.SuiteRunner.run(SuiteRunner.java:240)
	at org.testng.SuiteRunnerWorker.runSuite(SuiteRunnerWorker.java:52)
	at org.testng.SuiteRunnerWorker.run(SuiteRunnerWorker.java:86)
	at org.testng.TestNG.runSuitesSequentially(TestNG.java:1224)
	at org.testng.TestNG.runSuitesLocally(TestNG.java:1149)
	at org.testng.TestNG.run(TestNG.java:1057)
	at org.apache.maven.surefire.testng.TestNGExecutor.run(TestNGExecutor.java:77)
	at org.apache.maven.surefire.testng.TestNGDirectoryTestSuite.executeMulti(TestNGDirectoryTestSuite.java:189)
	at org.apache.maven.surefire.testng.TestNGDirectoryTestSuite.execute(TestNGDirectoryTestSuite.java:105)
	at org.apache.maven.surefire.testng.TestNGProvider.invoke(TestNGProvider.java:117)
	at sun.reflect.NativeMethodAccessorImpl.invoke0(Native Method)
	at sun.reflect.NativeMethodAccessorImpl.invoke(NativeMethodAccessorImpl.java:57)
	at sun.reflect.DelegatingMethodAccessorImpl.invoke(DelegatingMethodAccessorImpl.java:43)
	at java.lang.reflect.Method.invoke(Method.java:601)
	at org.apache.maven.surefire.util.ReflectionUtils.invokeMethodWithArray2(ReflectionUtils.java:208)
	at org.apache.maven.surefire.booter.ProviderFactory$ProviderProxy.invoke(ProviderFactory.java:159)
	at org.apache.maven.surefire.booter.ProviderFactory.invokeProvider(ProviderFactory.java:87)
	at org.apache.maven.surefire.booter.ForkedBooter.runSuitesInProcess(ForkedBooter.java:153)
	at org.apache.maven.surefire.booter.ForkedBooter.main(ForkedBooter.java:95)
</pre></div></td>
<td>0</td>
<td>org.identityconnectors.framework.common.objects.AttributeUtilTests@4db4b88d</td></tr>
<tr>
<td title='org.identityconnectors.common.EqualsHashCodeBuilderTests.testBoolean()'><b>testBoolean</b><br>Test class: org.identityconnectors.common.EqualsHashCodeBuilderTests</td>
<td></td>
<td>0</td>
<td>org.identityconnectors.common.EqualsHashCodeBuilderTests@7d4012b3</td></tr>
<tr>
<td title='org.identityconnectors.common.EqualsHashCodeBuilderTests.testBooleanArray()'><b>testBooleanArray</b><br>Test class: org.identityconnectors.common.EqualsHashCodeBuilderTests</td>
<td></td>
<td>0</td>
<td>org.identityconnectors.common.EqualsHashCodeBuilderTests@7d4012b3</td></tr>
<tr>
<td title='org.identityconnectors.common.EqualsHashCodeBuilderTests.testBooleanArrayHiddenByObject()'><b>testBooleanArrayHiddenByObject</b><br>Test class: org.identityconnectors.common.EqualsHashCodeBuilderTests</td>
<td></td>
<td>0</td>
<td>org.identityconnectors.common.EqualsHashCodeBuilderTests@7d4012b3</td></tr>
<tr>
<td title='org.identityconnectors.framework.common.objects.ObjectClassInfoTests.testBuilderAddsName()'><b>testBuilderAddsName</b><br>Test class: org.identityconnectors.framework.common.objects.ObjectClassInfoTests</td>
<td></td>
<td>0</td>
<td>org.identityconnectors.framework.common.objects.ObjectClassInfoTests@1b23b8f7</td></tr>
<tr>
<td title='org.identityconnectors.common.EqualsHashCodeBuilderTests.testByte()'><b>testByte</b><br>Test class: org.identityconnectors.common.EqualsHashCodeBuilderTests</td>
<td></td>
<td>0</td>
<td>org.identityconnectors.common.EqualsHashCodeBuilderTests@7d4012b3</td></tr>
<tr>
<td title='org.identityconnectors.common.EqualsHashCodeBuilderTests.testByteArray()'><b>testByteArray</b><br>Test class: org.identityconnectors.common.EqualsHashCodeBuilderTests</td>
<td></td>
<td>0</td>
<td>org.identityconnectors.common.EqualsHashCodeBuilderTests@7d4012b3</td></tr>
<tr>
<td title='org.identityconnectors.common.EqualsHashCodeBuilderTests.testByteArrayHiddenByObject()'><b>testByteArrayHiddenByObject</b><br>Test class: org.identityconnectors.common.EqualsHashCodeBuilderTests</td>
<td></td>
<td>0</td>
<td>org.identityconnectors.common.EqualsHashCodeBuilderTests@7d4012b3</td></tr>
<tr>
<td title='org.identityconnectors.common.EqualsHashCodeBuilderTests.testChar()'><b>testChar</b><br>Test class: org.identityconnectors.common.EqualsHashCodeBuilderTests</td>
<td></td>
<td>0</td>
<td>org.identityconnectors.common.EqualsHashCodeBuilderTests@7d4012b3</td></tr>
<tr>
<td title='org.identityconnectors.common.EqualsHashCodeBuilderTests.testCharArray()'><b>testCharArray</b><br>Test class: org.identityconnectors.common.EqualsHashCodeBuilderTests</td>
<td></td>
<td>0</td>
<td>org.identityconnectors.common.EqualsHashCodeBuilderTests@7d4012b3</td></tr>
<tr>
<td title='org.identityconnectors.common.EqualsHashCodeBuilderTests.testCharArrayHiddenByObject()'><b>testCharArrayHiddenByObject</b><br>Test class: org.identityconnectors.common.EqualsHashCodeBuilderTests</td>
<td></td>
<td>0</td>
<td>org.identityconnectors.common.EqualsHashCodeBuilderTests@7d4012b3</td></tr>
<tr>
<td title='org.identityconnectors.common.VersionTests.testCompare()'><b>testCompare</b><br>Test class: org.identityconnectors.common.VersionTests</td>
<td></td>
<td>0</td>
<td>org.identityconnectors.common.VersionTests@26b923ee</td></tr>
<tr>
<td title='org.identityconnectors.common.VersionTests.testComponents()'><b>testComponents</b><br>Test class: org.identityconnectors.common.VersionTests</td>
<td></td>
<td>0</td>
<td>org.identityconnectors.common.VersionTests@26b923ee</td></tr>
<tr>
<td title='org.identityconnectors.common.VersionTests.testCornerCases()'><b>testCornerCases</b><br>Test class: org.identityconnectors.common.VersionTests</td>
<td></td>
<td>0</td>
<td>org.identityconnectors.common.VersionTests@26b923ee</td></tr>
<tr>
<td title='org.identityconnectors.framework.common.objects.AttributeInfoUtilTests.testCurrentPasswordBuild()'><b>testCurrentPasswordBuild</b><br>Test class: org.identityconnectors.framework.common.objects.AttributeInfoUtilTests</td>
<td><div><pre>java.lang.IllegalArgumentException: Password based attributes must be of type GuardedString.
	at org.identityconnectors.framework.common.objects.AttributeInfo.&lt;init&gt;(AttributeInfo.java:81)
	at org.identityconnectors.framework.common.objects.AttributeInfoBuilder.build(AttributeInfoBuilder.java:118)
	at org.identityconnectors.framework.common.objects.AttributeInfoBuilder.build(AttributeInfoBuilder.java:242)
	at org.identityconnectors.framework.common.objects.AttributeInfoBuilder.build(AttributeInfoBuilder.java:257)
	at org.identityconnectors.framework.common.objects.AttributeInfoBuilder.build(AttributeInfoBuilder.java:270)
	at org.identityconnectors.framework.common.objects.AttributeInfoUtilTests.testCurrentPasswordBuild(AttributeInfoUtilTests.java:62)
... Removed 34 stack frames</pre></div><a href='#' onClick='toggleBox("stack-trace601016216", this, "Click to show all stack frames", "Click to hide stack frames")'>Click to show all stack frames</a>
<div class='stack-trace' id='stack-trace601016216'><pre>java.lang.IllegalArgumentException: Password based attributes must be of type GuardedString.
	at org.identityconnectors.framework.common.objects.AttributeInfo.&lt;init&gt;(AttributeInfo.java:81)
	at org.identityconnectors.framework.common.objects.AttributeInfoBuilder.build(AttributeInfoBuilder.java:118)
	at org.identityconnectors.framework.common.objects.AttributeInfoBuilder.build(AttributeInfoBuilder.java:242)
	at org.identityconnectors.framework.common.objects.AttributeInfoBuilder.build(AttributeInfoBuilder.java:257)
	at org.identityconnectors.framework.common.objects.AttributeInfoBuilder.build(AttributeInfoBuilder.java:270)
	at org.identityconnectors.framework.common.objects.AttributeInfoUtilTests.testCurrentPasswordBuild(AttributeInfoUtilTests.java:62)
	at sun.reflect.NativeMethodAccessorImpl.invoke0(Native Method)
	at sun.reflect.NativeMethodAccessorImpl.invoke(NativeMethodAccessorImpl.java:57)
	at sun.reflect.DelegatingMethodAccessorImpl.invoke(DelegatingMethodAccessorImpl.java:43)
	at java.lang.reflect.Method.invoke(Method.java:601)
	at org.testng.internal.MethodInvocationHelper.invokeMethod(MethodInvocationHelper.java:84)
	at org.testng.internal.Invoker.invokeMethod(Invoker.java:714)
	at org.testng.internal.Invoker.invokeTestMethod(Invoker.java:901)
	at org.testng.internal.Invoker.invokeTestMethods(Invoker.java:1231)
	at org.testng.internal.TestMethodWorker.invokeTestMethods(TestMethodWorker.java:127)
	at org.testng.internal.TestMethodWorker.run(TestMethodWorker.java:111)
	at org.testng.TestRunner.privateRun(TestRunner.java:767)
	at org.testng.TestRunner.run(TestRunner.java:617)
	at org.testng.SuiteRunner.runTest(SuiteRunner.java:334)
	at org.testng.SuiteRunner.runSequentially(SuiteRunner.java:329)
	at org.testng.SuiteRunner.privateRun(SuiteRunner.java:291)
	at org.testng.SuiteRunner.run(SuiteRunner.java:240)
	at org.testng.SuiteRunnerWorker.runSuite(SuiteRunnerWorker.java:52)
	at org.testng.SuiteRunnerWorker.run(SuiteRunnerWorker.java:86)
	at org.testng.TestNG.runSuitesSequentially(TestNG.java:1224)
	at org.testng.TestNG.runSuitesLocally(TestNG.java:1149)
	at org.testng.TestNG.run(TestNG.java:1057)
	at org.apache.maven.surefire.testng.TestNGExecutor.run(TestNGExecutor.java:77)
	at org.apache.maven.surefire.testng.TestNGDirectoryTestSuite.executeMulti(TestNGDirectoryTestSuite.java:189)
	at org.apache.maven.surefire.testng.TestNGDirectoryTestSuite.execute(TestNGDirectoryTestSuite.java:105)
	at org.apache.maven.surefire.testng.TestNGProvider.invoke(TestNGProvider.java:117)
	at sun.reflect.NativeMethodAccessorImpl.invoke0(Native Method)
	at sun.reflect.NativeMethodAccessorImpl.invoke(NativeMethodAccessorImpl.java:57)
	at sun.reflect.DelegatingMethodAccessorImpl.invoke(DelegatingMethodAccessorImpl.java:43)
	at java.lang.reflect.Method.invoke(Method.java:601)
	at org.apache.maven.surefire.util.ReflectionUtils.invokeMethodWithArray2(ReflectionUtils.java:208)
	at org.apache.maven.surefire.booter.ProviderFactory$ProviderProxy.invoke(ProviderFactory.java:159)
	at org.apache.maven.surefire.booter.ProviderFactory.invokeProvider(ProviderFactory.java:87)
	at org.apache.maven.surefire.booter.ForkedBooter.runSuitesInProcess(ForkedBooter.java:153)
	at org.apache.maven.surefire.booter.ForkedBooter.main(ForkedBooter.java:95)
</pre></div></td>
<td>0</td>
<td>org.identityconnectors.framework.common.objects.AttributeInfoUtilTests@3051c45f</td></tr>
<tr>
<td title='org.identityconnectors.common.security.GuardedByteArrayTests.testDispose()'><b>testDispose</b><br>Test class: org.identityconnectors.common.security.GuardedByteArrayTests</td>
<td></td>
<td>0</td>
<td>org.identityconnectors.common.security.GuardedByteArrayTests@2797e57c</td></tr>
<tr>
<td title='org.identityconnectors.common.security.GuardedStringTests.testDispose()'><b>testDispose</b><br>Test class: org.identityconnectors.common.security.GuardedStringTests</td>
<td></td>
<td>0</td>
<td>org.identityconnectors.common.security.GuardedStringTests@70ec46ff</td></tr>
<tr>
<td title='org.identityconnectors.framework.common.objects.filter.FilterTranslatorTests.testDistribution()'><b>testDistribution</b><br>Test class: org.identityconnectors.framework.common.objects.filter.FilterTranslatorTests</td>
<td></td>
<td>0</td>
<td>org.identityconnectors.framework.common.objects.filter.FilterTranslatorTests@2d97c1b1</td></tr>
<tr>
<td title='org.identityconnectors.common.EqualsHashCodeBuilderTests.testDouble()'><b>testDouble</b><br>Test class: org.identityconnectors.common.EqualsHashCodeBuilderTests</td>
<td></td>
<td>0</td>
<td>org.identityconnectors.common.EqualsHashCodeBuilderTests@7d4012b3</td></tr>
<tr>
<td title='org.identityconnectors.common.EqualsHashCodeBuilderTests.testDoubleArray()'><b>testDoubleArray</b><br>Test class: org.identityconnectors.common.EqualsHashCodeBuilderTests</td>
<td></td>
<td>0</td>
<td>org.identityconnectors.common.EqualsHashCodeBuilderTests@7d4012b3</td></tr>
<tr>
<td title='org.identityconnectors.common.EqualsHashCodeBuilderTests.testDoubleArrayHiddenByObject()'><b>testDoubleArrayHiddenByObject</b><br>Test class: org.identityconnectors.common.EqualsHashCodeBuilderTests</td>
<td></td>
<td>0</td>
<td>org.identityconnectors.common.EqualsHashCodeBuilderTests@7d4012b3</td></tr>
<tr>
<td title='org.identityconnectors.framework.common.objects.ObjectClassInfoTests.testDuplicate()'><b>testDuplicate</b><br>Test class: org.identityconnectors.framework.common.objects.ObjectClassInfoTests</td>
<td><div><pre>java.lang.IllegalArgumentException: AttributeInfo of name &apos;bob&apos; already exists!
	at org.identityconnectors.framework.common.objects.ObjectClassInfoBuilder.addAttributeInfo(ObjectClassInfoBuilder.java:70)
	at org.identityconnectors.framework.common.objects.ObjectClassInfoTests.testDuplicate(ObjectClassInfoTests.java:61)
... Removed 34 stack frames</pre></div><a href='#' onClick='toggleBox("stack-trace1000430466", this, "Click to show all stack frames", "Click to hide stack frames")'>Click to show all stack frames</a>
<div class='stack-trace' id='stack-trace1000430466'><pre>java.lang.IllegalArgumentException: AttributeInfo of name &apos;bob&apos; already exists!
	at org.identityconnectors.framework.common.objects.ObjectClassInfoBuilder.addAttributeInfo(ObjectClassInfoBuilder.java:70)
	at org.identityconnectors.framework.common.objects.ObjectClassInfoTests.testDuplicate(ObjectClassInfoTests.java:61)
	at sun.reflect.NativeMethodAccessorImpl.invoke0(Native Method)
	at sun.reflect.NativeMethodAccessorImpl.invoke(NativeMethodAccessorImpl.java:57)
	at sun.reflect.DelegatingMethodAccessorImpl.invoke(DelegatingMethodAccessorImpl.java:43)
	at java.lang.reflect.Method.invoke(Method.java:601)
	at org.testng.internal.MethodInvocationHelper.invokeMethod(MethodInvocationHelper.java:84)
	at org.testng.internal.Invoker.invokeMethod(Invoker.java:714)
	at org.testng.internal.Invoker.invokeTestMethod(Invoker.java:901)
	at org.testng.internal.Invoker.invokeTestMethods(Invoker.java:1231)
	at org.testng.internal.TestMethodWorker.invokeTestMethods(TestMethodWorker.java:127)
	at org.testng.internal.TestMethodWorker.run(TestMethodWorker.java:111)
	at org.testng.TestRunner.privateRun(TestRunner.java:767)
	at org.testng.TestRunner.run(TestRunner.java:617)
	at org.testng.SuiteRunner.runTest(SuiteRunner.java:334)
	at org.testng.SuiteRunner.runSequentially(SuiteRunner.java:329)
	at org.testng.SuiteRunner.privateRun(SuiteRunner.java:291)
	at org.testng.SuiteRunner.run(SuiteRunner.java:240)
	at org.testng.SuiteRunnerWorker.runSuite(SuiteRunnerWorker.java:52)
	at org.testng.SuiteRunnerWorker.run(SuiteRunnerWorker.java:86)
	at org.testng.TestNG.runSuitesSequentially(TestNG.java:1224)
	at org.testng.TestNG.runSuitesLocally(TestNG.java:1149)
	at org.testng.TestNG.run(TestNG.java:1057)
	at org.apache.maven.surefire.testng.TestNGExecutor.run(TestNGExecutor.java:77)
	at org.apache.maven.surefire.testng.TestNGDirectoryTestSuite.executeMulti(TestNGDirectoryTestSuite.java:189)
	at org.apache.maven.surefire.testng.TestNGDirectoryTestSuite.execute(TestNGDirectoryTestSuite.java:105)
	at org.apache.maven.surefire.testng.TestNGProvider.invoke(TestNGProvider.java:117)
	at sun.reflect.NativeMethodAccessorImpl.invoke0(Native Method)
	at sun.reflect.NativeMethodAccessorImpl.invoke(NativeMethodAccessorImpl.java:57)
	at sun.reflect.DelegatingMethodAccessorImpl.invoke(DelegatingMethodAccessorImpl.java:43)
	at java.lang.reflect.Method.invoke(Method.java:601)
	at org.apache.maven.surefire.util.ReflectionUtils.invokeMethodWithArray2(ReflectionUtils.java:208)
	at org.apache.maven.surefire.booter.ProviderFactory$ProviderProxy.invoke(ProviderFactory.java:159)
	at org.apache.maven.surefire.booter.ProviderFactory.invokeProvider(ProviderFactory.java:87)
	at org.apache.maven.surefire.booter.ForkedBooter.runSuitesInProcess(ForkedBooter.java:153)
	at org.apache.maven.surefire.booter.ForkedBooter.main(ForkedBooter.java:95)
</pre></div></td>
<td>0</td>
<td>org.identityconnectors.framework.common.objects.ObjectClassInfoTests@1b23b8f7</td></tr>
<tr>
<td title='org.identityconnectors.framework.common.objects.AttributeUtilTests.testEnableDate()'><b>testEnableDate</b><br>Test class: org.identityconnectors.framework.common.objects.AttributeUtilTests</td>
<td></td>
<td>0</td>
<td>org.identityconnectors.framework.common.objects.AttributeUtilTests@4db4b88d</td></tr>
<tr>
<td title='org.identityconnectors.common.StringUtilTests.testEndsWith()'><b>testEndsWith</b><br>Test class: org.identityconnectors.common.StringUtilTests</td>
<td></td>
<td>0</td>
<td>org.identityconnectors.common.StringUtilTests@28294944</td></tr>
<tr>
<td title='org.identityconnectors.common.CollectionUtilTests.testEquals()'><b>testEquals</b><br>Test class: org.identityconnectors.common.CollectionUtilTests</td>
<td></td>
<td>0</td>
<td>org.identityconnectors.common.CollectionUtilTests@3694f9de</td></tr>
<tr>
<td title='org.identityconnectors.common.security.GuardedByteArrayTests.testEquals()'><b>testEquals</b><br>Test class: org.identityconnectors.common.security.GuardedByteArrayTests</td>
<td></td>
<td>0</td>
<td>org.identityconnectors.common.security.GuardedByteArrayTests@2797e57c</td></tr>
<tr>
<td title='org.identityconnectors.common.security.GuardedStringTests.testEquals()'><b>testEquals</b><br>Test class: org.identityconnectors.common.security.GuardedStringTests</td>
<td></td>
<td>0</td>
<td>org.identityconnectors.common.security.GuardedStringTests@70ec46ff</td></tr>
<tr>
<td title='org.identityconnectors.framework.common.objects.ObjectClassInfoTests.testEquals()'><b>testEquals</b><br>Test class: org.identityconnectors.framework.common.objects.ObjectClassInfoTests</td>
<td></td>
<td>0</td>
<td>org.identityconnectors.framework.common.objects.ObjectClassInfoTests@1b23b8f7</td></tr>
<tr>
<td title='org.identityconnectors.framework.common.objects.ObjectClassTests.testEquals()'><b>testEquals</b><br>Test class: org.identityconnectors.framework.common.objects.ObjectClassTests</td>
<td></td>
<td>0</td>
<td>org.identityconnectors.framework.common.objects.ObjectClassTests@6ea079d0</td></tr>
<tr>
<td title='org.identityconnectors.common.VersionTests.testEqualsHashCode()'><b>testEqualsHashCode</b><br>Test class: org.identityconnectors.common.VersionTests</td>
<td></td>
<td>0</td>
<td>org.identityconnectors.common.VersionTests@26b923ee</td></tr>
<tr>
<td title='org.identityconnectors.framework.common.objects.AttributeInfoTests.testEqualsObservesLocale()'><b>testEqualsObservesLocale</b><br>Test class: org.identityconnectors.framework.common.objects.AttributeInfoTests</td>
<td></td>
<td>0</td>
<td>org.identityconnectors.framework.common.objects.AttributeInfoTests@2e8923f5</td></tr>
<tr>
<td title='org.identityconnectors.framework.common.objects.AttributeTests.testEqualsObservesLocale()'><b>testEqualsObservesLocale</b><br>Test class: org.identityconnectors.framework.common.objects.AttributeTests</td>
<td></td>
<td>0</td>
<td>org.identityconnectors.framework.common.objects.AttributeTests@1ed6ecc2</td></tr>
<tr>
<td title='org.identityconnectors.framework.common.objects.ObjectClassInfoTests.testEqualsObservesLocale()'><b>testEqualsObservesLocale</b><br>Test class: org.identityconnectors.framework.common.objects.ObjectClassInfoTests</td>
<td></td>
<td>0</td>
<td>org.identityconnectors.framework.common.objects.ObjectClassInfoTests@1b23b8f7</td></tr>
<tr>
<td title='org.identityconnectors.framework.common.objects.ObjectClassTests.testEqualsObservesLocale()'><b>testEqualsObservesLocale</b><br>Test class: org.identityconnectors.framework.common.objects.ObjectClassTests</td>
<td></td>
<td>0</td>
<td>org.identityconnectors.framework.common.objects.ObjectClassTests@6ea079d0</td></tr>
<tr>
<td title='org.identityconnectors.framework.common.objects.AttributeInfoUtilTests.testFindMethod()'><b>testFindMethod</b><br>Test class: org.identityconnectors.framework.common.objects.AttributeInfoUtilTests</td>
<td></td>
<td>0</td>
<td>org.identityconnectors.framework.common.objects.AttributeInfoUtilTests@3051c45f</td></tr>
<tr>
<td title='org.identityconnectors.framework.common.objects.AttributeUtilTests.testFindMethod()'><b>testFindMethod</b><br>Test class: org.identityconnectors.framework.common.objects.AttributeUtilTests</td>
<td></td>
<td>0</td>
<td>org.identityconnectors.framework.common.objects.AttributeUtilTests@4db4b88d</td></tr>
<tr>
<td title='org.identityconnectors.common.EqualsHashCodeBuilderTests.testFloat()'><b>testFloat</b><br>Test class: org.identityconnectors.common.EqualsHashCodeBuilderTests</td>
<td></td>
<td>0</td>
<td>org.identityconnectors.common.EqualsHashCodeBuilderTests@7d4012b3</td></tr>
<tr>
<td title='org.identityconnectors.common.EqualsHashCodeBuilderTests.testFloatArray()'><b>testFloatArray</b><br>Test class: org.identityconnectors.common.EqualsHashCodeBuilderTests</td>
<td></td>
<td>0</td>
<td>org.identityconnectors.common.EqualsHashCodeBuilderTests@7d4012b3</td></tr>
<tr>
<td title='org.identityconnectors.common.EqualsHashCodeBuilderTests.testFloatArrayHiddenByObject()'><b>testFloatArrayHiddenByObject</b><br>Test class: org.identityconnectors.common.EqualsHashCodeBuilderTests</td>
<td></td>
<td>0</td>
<td>org.identityconnectors.common.EqualsHashCodeBuilderTests@7d4012b3</td></tr>
<tr>
<td title='org.identityconnectors.common.UtilTests.testForceCompare()'><b>testForceCompare</b><br>Test class: org.identityconnectors.common.UtilTests</td>
<td></td>
<td>0</td>
<td>org.identityconnectors.common.UtilTests@699d7f6d</td></tr>
<tr>
<td title='org.identityconnectors.framework.common.FrameworkUtilTests.testFrameworkVersion()'><b>testFrameworkVersion</b><br>Test class: org.identityconnectors.framework.common.FrameworkUtilTests</td>
<td></td>
<td>0</td>
<td>org.identityconnectors.framework.common.FrameworkUtilTests@798be602</td></tr>
<tr>
<td title='org.identityconnectors.framework.common.FrameworkUtilTests.testFrameworkVersionCannotBeBlank()'><b>testFrameworkVersionCannotBeBlank</b><br>Test class: org.identityconnectors.framework.common.FrameworkUtilTests</td>
<td></td>
<td>0</td>
<td>org.identityconnectors.framework.common.FrameworkUtilTests@798be602</td></tr>
<tr>
<td title='org.identityconnectors.framework.common.objects.AttributeUtilTests.testGetAsStringValue()'><b>testGetAsStringValue</b><br>Test class: org.identityconnectors.framework.common.objects.AttributeUtilTests</td>
<td></td>
<td>0</td>
<td>org.identityconnectors.framework.common.objects.AttributeUtilTests@4db4b88d</td></tr>
<tr>
<td title='org.identityconnectors.framework.common.objects.AttributeUtilTests.testGetBasicAttributes()'><b>testGetBasicAttributes</b><br>Test class: org.identityconnectors.framework.common.objects.AttributeUtilTests</td>
<td></td>
<td>0</td>
<td>org.identityconnectors.framework.common.objects.AttributeUtilTests@4db4b88d</td></tr>
<tr>
<td title='org.identityconnectors.framework.common.objects.AttributeUtilTests.testGetIntegerValue()'><b>testGetIntegerValue</b><br>Test class: org.identityconnectors.framework.common.objects.AttributeUtilTests</td>
<td><div><pre>java.lang.ClassCastException: java.lang.String cannot be cast to java.lang.Integer
	at org.identityconnectors.framework.common.objects.AttributeUtil.getIntegerValue(AttributeUtil.java:116)
	at org.identityconnectors.framework.common.objects.AttributeUtilTests.testGetIntegerValue(AttributeUtilTests.java:98)
... Removed 34 stack frames</pre></div><a href='#' onClick='toggleBox("stack-trace1391487054", this, "Click to show all stack frames", "Click to hide stack frames")'>Click to show all stack frames</a>
<div class='stack-trace' id='stack-trace1391487054'><pre>java.lang.ClassCastException: java.lang.String cannot be cast to java.lang.Integer
	at org.identityconnectors.framework.common.objects.AttributeUtil.getIntegerValue(AttributeUtil.java:116)
	at org.identityconnectors.framework.common.objects.AttributeUtilTests.testGetIntegerValue(AttributeUtilTests.java:98)
	at sun.reflect.NativeMethodAccessorImpl.invoke0(Native Method)
	at sun.reflect.NativeMethodAccessorImpl.invoke(NativeMethodAccessorImpl.java:57)
	at sun.reflect.DelegatingMethodAccessorImpl.invoke(DelegatingMethodAccessorImpl.java:43)
	at java.lang.reflect.Method.invoke(Method.java:601)
	at org.testng.internal.MethodInvocationHelper.invokeMethod(MethodInvocationHelper.java:84)
	at org.testng.internal.Invoker.invokeMethod(Invoker.java:714)
	at org.testng.internal.Invoker.invokeTestMethod(Invoker.java:901)
	at org.testng.internal.Invoker.invokeTestMethods(Invoker.java:1231)
	at org.testng.internal.TestMethodWorker.invokeTestMethods(TestMethodWorker.java:127)
	at org.testng.internal.TestMethodWorker.run(TestMethodWorker.java:111)
	at org.testng.TestRunner.privateRun(TestRunner.java:767)
	at org.testng.TestRunner.run(TestRunner.java:617)
	at org.testng.SuiteRunner.runTest(SuiteRunner.java:334)
	at org.testng.SuiteRunner.runSequentially(SuiteRunner.java:329)
	at org.testng.SuiteRunner.privateRun(SuiteRunner.java:291)
	at org.testng.SuiteRunner.run(SuiteRunner.java:240)
	at org.testng.SuiteRunnerWorker.runSuite(SuiteRunnerWorker.java:52)
	at org.testng.SuiteRunnerWorker.run(SuiteRunnerWorker.java:86)
	at org.testng.TestNG.runSuitesSequentially(TestNG.java:1224)
	at org.testng.TestNG.runSuitesLocally(TestNG.java:1149)
	at org.testng.TestNG.run(TestNG.java:1057)
	at org.apache.maven.surefire.testng.TestNGExecutor.run(TestNGExecutor.java:77)
	at org.apache.maven.surefire.testng.TestNGDirectoryTestSuite.executeMulti(TestNGDirectoryTestSuite.java:189)
	at org.apache.maven.surefire.testng.TestNGDirectoryTestSuite.execute(TestNGDirectoryTestSuite.java:105)
	at org.apache.maven.surefire.testng.TestNGProvider.invoke(TestNGProvider.java:117)
	at sun.reflect.NativeMethodAccessorImpl.invoke0(Native Method)
	at sun.reflect.NativeMethodAccessorImpl.invoke(NativeMethodAccessorImpl.java:57)
	at sun.reflect.DelegatingMethodAccessorImpl.invoke(DelegatingMethodAccessorImpl.java:43)
	at java.lang.reflect.Method.invoke(Method.java:601)
	at org.apache.maven.surefire.util.ReflectionUtils.invokeMethodWithArray2(ReflectionUtils.java:208)
	at org.apache.maven.surefire.booter.ProviderFactory$ProviderProxy.invoke(ProviderFactory.java:159)
	at org.apache.maven.surefire.booter.ProviderFactory.invokeProvider(ProviderFactory.java:87)
	at org.apache.maven.surefire.booter.ForkedBooter.runSuitesInProcess(ForkedBooter.java:153)
	at org.apache.maven.surefire.booter.ForkedBooter.main(ForkedBooter.java:95)
</pre></div></td>
<td>0</td>
<td>org.identityconnectors.framework.common.objects.AttributeUtilTests@4db4b88d</td></tr>
<tr>
<td title='org.identityconnectors.framework.common.objects.AttributeUtilTests.testGetLongValue()'><b>testGetLongValue</b><br>Test class: org.identityconnectors.framework.common.objects.AttributeUtilTests</td>
<td><div><pre>java.lang.ClassCastException: java.lang.String cannot be cast to java.lang.Long
	at org.identityconnectors.framework.common.objects.AttributeUtil.getLongValue(AttributeUtil.java:134)
	at org.identityconnectors.framework.common.objects.AttributeUtilTests.testGetLongValue(AttributeUtilTests.java:114)
... Removed 34 stack frames</pre></div><a href='#' onClick='toggleBox("stack-trace626000748", this, "Click to show all stack frames", "Click to hide stack frames")'>Click to show all stack frames</a>
<div class='stack-trace' id='stack-trace626000748'><pre>java.lang.ClassCastException: java.lang.String cannot be cast to java.lang.Long
	at org.identityconnectors.framework.common.objects.AttributeUtil.getLongValue(AttributeUtil.java:134)
	at org.identityconnectors.framework.common.objects.AttributeUtilTests.testGetLongValue(AttributeUtilTests.java:114)
	at sun.reflect.NativeMethodAccessorImpl.invoke0(Native Method)
	at sun.reflect.NativeMethodAccessorImpl.invoke(NativeMethodAccessorImpl.java:57)
	at sun.reflect.DelegatingMethodAccessorImpl.invoke(DelegatingMethodAccessorImpl.java:43)
	at java.lang.reflect.Method.invoke(Method.java:601)
	at org.testng.internal.MethodInvocationHelper.invokeMethod(MethodInvocationHelper.java:84)
	at org.testng.internal.Invoker.invokeMethod(Invoker.java:714)
	at org.testng.internal.Invoker.invokeTestMethod(Invoker.java:901)
	at org.testng.internal.Invoker.invokeTestMethods(Invoker.java:1231)
	at org.testng.internal.TestMethodWorker.invokeTestMethods(TestMethodWorker.java:127)
	at org.testng.internal.TestMethodWorker.run(TestMethodWorker.java:111)
	at org.testng.TestRunner.privateRun(TestRunner.java:767)
	at org.testng.TestRunner.run(TestRunner.java:617)
	at org.testng.SuiteRunner.runTest(SuiteRunner.java:334)
	at org.testng.SuiteRunner.runSequentially(SuiteRunner.java:329)
	at org.testng.SuiteRunner.privateRun(SuiteRunner.java:291)
	at org.testng.SuiteRunner.run(SuiteRunner.java:240)
	at org.testng.SuiteRunnerWorker.runSuite(SuiteRunnerWorker.java:52)
	at org.testng.SuiteRunnerWorker.run(SuiteRunnerWorker.java:86)
	at org.testng.TestNG.runSuitesSequentially(TestNG.java:1224)
	at org.testng.TestNG.runSuitesLocally(TestNG.java:1149)
	at org.testng.TestNG.run(TestNG.java:1057)
	at org.apache.maven.surefire.testng.TestNGExecutor.run(TestNGExecutor.java:77)
	at org.apache.maven.surefire.testng.TestNGDirectoryTestSuite.executeMulti(TestNGDirectoryTestSuite.java:189)
	at org.apache.maven.surefire.testng.TestNGDirectoryTestSuite.execute(TestNGDirectoryTestSuite.java:105)
	at org.apache.maven.surefire.testng.TestNGProvider.invoke(TestNGProvider.java:117)
	at sun.reflect.NativeMethodAccessorImpl.invoke0(Native Method)
	at sun.reflect.NativeMethodAccessorImpl.invoke(NativeMethodAccessorImpl.java:57)
	at sun.reflect.DelegatingMethodAccessorImpl.invoke(DelegatingMethodAccessorImpl.java:43)
	at java.lang.reflect.Method.invoke(Method.java:601)
	at org.apache.maven.surefire.util.ReflectionUtils.invokeMethodWithArray2(ReflectionUtils.java:208)
	at org.apache.maven.surefire.booter.ProviderFactory$ProviderProxy.invoke(ProviderFactory.java:159)
	at org.apache.maven.surefire.booter.ProviderFactory.invokeProvider(ProviderFactory.java:87)
	at org.apache.maven.surefire.booter.ForkedBooter.runSuitesInProcess(ForkedBooter.java:153)
	at org.apache.maven.surefire.booter.ForkedBooter.main(ForkedBooter.java:95)
</pre></div></td>
<td>0</td>
<td>org.identityconnectors.framework.common.objects.AttributeUtilTests@4db4b88d</td></tr>
<tr>
<td title='org.identityconnectors.common.UtilTests.testGetMethodName()'><b>testGetMethodName</b><br>Test class: org.identityconnectors.common.UtilTests</td>
<td></td>
<td>0</td>
<td>org.identityconnectors.common.UtilTests@699d7f6d</td></tr>
<tr>
<td title='org.identityconnectors.framework.common.objects.AttributeUtilTests.testGetSingleValue()'><b>testGetSingleValue</b><br>Test class: org.identityconnectors.framework.common.objects.AttributeUtilTests</td>
<td><div><pre>java.lang.IllegalArgumentException: The bob attribute is not single value attribute.
	at org.identityconnectors.framework.common.objects.AttributeUtil.getSingleValue(AttributeUtil.java:226)
	at org.identityconnectors.framework.common.objects.AttributeUtilTests.testGetSingleValue(AttributeUtilTests.java:149)
... Removed 34 stack frames</pre></div><a href='#' onClick='toggleBox("stack-trace672184983", this, "Click to show all stack frames", "Click to hide stack frames")'>Click to show all stack frames</a>
<div class='stack-trace' id='stack-trace672184983'><pre>java.lang.IllegalArgumentException: The bob attribute is not single value attribute.
	at org.identityconnectors.framework.common.objects.AttributeUtil.getSingleValue(AttributeUtil.java:226)
	at org.identityconnectors.framework.common.objects.AttributeUtilTests.testGetSingleValue(AttributeUtilTests.java:149)
	at sun.reflect.NativeMethodAccessorImpl.invoke0(Native Method)
	at sun.reflect.NativeMethodAccessorImpl.invoke(NativeMethodAccessorImpl.java:57)
	at sun.reflect.DelegatingMethodAccessorImpl.invoke(DelegatingMethodAccessorImpl.java:43)
	at java.lang.reflect.Method.invoke(Method.java:601)
	at org.testng.internal.MethodInvocationHelper.invokeMethod(MethodInvocationHelper.java:84)
	at org.testng.internal.Invoker.invokeMethod(Invoker.java:714)
	at org.testng.internal.Invoker.invokeTestMethod(Invoker.java:901)
	at org.testng.internal.Invoker.invokeTestMethods(Invoker.java:1231)
	at org.testng.internal.TestMethodWorker.invokeTestMethods(TestMethodWorker.java:127)
	at org.testng.internal.TestMethodWorker.run(TestMethodWorker.java:111)
	at org.testng.TestRunner.privateRun(TestRunner.java:767)
	at org.testng.TestRunner.run(TestRunner.java:617)
	at org.testng.SuiteRunner.runTest(SuiteRunner.java:334)
	at org.testng.SuiteRunner.runSequentially(SuiteRunner.java:329)
	at org.testng.SuiteRunner.privateRun(SuiteRunner.java:291)
	at org.testng.SuiteRunner.run(SuiteRunner.java:240)
	at org.testng.SuiteRunnerWorker.runSuite(SuiteRunnerWorker.java:52)
	at org.testng.SuiteRunnerWorker.run(SuiteRunnerWorker.java:86)
	at org.testng.TestNG.runSuitesSequentially(TestNG.java:1224)
	at org.testng.TestNG.runSuitesLocally(TestNG.java:1149)
	at org.testng.TestNG.run(TestNG.java:1057)
	at org.apache.maven.surefire.testng.TestNGExecutor.run(TestNGExecutor.java:77)
	at org.apache.maven.surefire.testng.TestNGDirectoryTestSuite.executeMulti(TestNGDirectoryTestSuite.java:189)
	at org.apache.maven.surefire.testng.TestNGDirectoryTestSuite.execute(TestNGDirectoryTestSuite.java:105)
	at org.apache.maven.surefire.testng.TestNGProvider.invoke(TestNGProvider.java:117)
	at sun.reflect.NativeMethodAccessorImpl.invoke0(Native Method)
	at sun.reflect.NativeMethodAccessorImpl.invoke(NativeMethodAccessorImpl.java:57)
	at sun.reflect.DelegatingMethodAccessorImpl.invoke(DelegatingMethodAccessorImpl.java:43)
	at java.lang.reflect.Method.invoke(Method.java:601)
	at org.apache.maven.surefire.util.ReflectionUtils.invokeMethodWithArray2(ReflectionUtils.java:208)
	at org.apache.maven.surefire.booter.ProviderFactory$ProviderProxy.invoke(ProviderFactory.java:159)
	at org.apache.maven.surefire.booter.ProviderFactory.invokeProvider(ProviderFactory.java:87)
	at org.apache.maven.surefire.booter.ForkedBooter.runSuitesInProcess(ForkedBooter.java:153)
	at org.apache.maven.surefire.booter.ForkedBooter.main(ForkedBooter.java:95)
</pre></div></td>
<td>0</td>
<td>org.identityconnectors.framework.common.objects.AttributeUtilTests@4db4b88d</td></tr>
<tr>
<td title='org.identityconnectors.framework.common.objects.AttributeUtilTests.testGetStringValue()'><b>testGetStringValue</b><br>Test class: org.identityconnectors.framework.common.objects.AttributeUtilTests</td>
<td><div><pre>java.lang.ClassCastException: java.lang.Integer cannot be cast to java.lang.String
	at org.identityconnectors.framework.common.objects.AttributeUtil.getStringValue(AttributeUtil.java:63)
	at org.identityconnectors.framework.common.objects.AttributeUtilTests.testGetStringValue(AttributeUtilTests.java:65)
... Removed 34 stack frames</pre></div><a href='#' onClick='toggleBox("stack-trace1649026061", this, "Click to show all stack frames", "Click to hide stack frames")'>Click to show all stack frames</a>
<div class='stack-trace' id='stack-trace1649026061'><pre>java.lang.ClassCastException: java.lang.Integer cannot be cast to java.lang.String
	at org.identityconnectors.framework.common.objects.AttributeUtil.getStringValue(AttributeUtil.java:63)
	at org.identityconnectors.framework.common.objects.AttributeUtilTests.testGetStringValue(AttributeUtilTests.java:65)
	at sun.reflect.NativeMethodAccessorImpl.invoke0(Native Method)
	at sun.reflect.NativeMethodAccessorImpl.invoke(NativeMethodAccessorImpl.java:57)
	at sun.reflect.DelegatingMethodAccessorImpl.invoke(DelegatingMethodAccessorImpl.java:43)
	at java.lang.reflect.Method.invoke(Method.java:601)
	at org.testng.internal.MethodInvocationHelper.invokeMethod(MethodInvocationHelper.java:84)
	at org.testng.internal.Invoker.invokeMethod(Invoker.java:714)
	at org.testng.internal.Invoker.invokeTestMethod(Invoker.java:901)
	at org.testng.internal.Invoker.invokeTestMethods(Invoker.java:1231)
	at org.testng.internal.TestMethodWorker.invokeTestMethods(TestMethodWorker.java:127)
	at org.testng.internal.TestMethodWorker.run(TestMethodWorker.java:111)
	at org.testng.TestRunner.privateRun(TestRunner.java:767)
	at org.testng.TestRunner.run(TestRunner.java:617)
	at org.testng.SuiteRunner.runTest(SuiteRunner.java:334)
	at org.testng.SuiteRunner.runSequentially(SuiteRunner.java:329)
	at org.testng.SuiteRunner.privateRun(SuiteRunner.java:291)
	at org.testng.SuiteRunner.run(SuiteRunner.java:240)
	at org.testng.SuiteRunnerWorker.runSuite(SuiteRunnerWorker.java:52)
	at org.testng.SuiteRunnerWorker.run(SuiteRunnerWorker.java:86)
	at org.testng.TestNG.runSuitesSequentially(TestNG.java:1224)
	at org.testng.TestNG.runSuitesLocally(TestNG.java:1149)
	at org.testng.TestNG.run(TestNG.java:1057)
	at org.apache.maven.surefire.testng.TestNGExecutor.run(TestNGExecutor.java:77)
	at org.apache.maven.surefire.testng.TestNGDirectoryTestSuite.executeMulti(TestNGDirectoryTestSuite.java:189)
	at org.apache.maven.surefire.testng.TestNGDirectoryTestSuite.execute(TestNGDirectoryTestSuite.java:105)
	at org.apache.maven.surefire.testng.TestNGProvider.invoke(TestNGProvider.java:117)
	at sun.reflect.NativeMethodAccessorImpl.invoke0(Native Method)
	at sun.reflect.NativeMethodAccessorImpl.invoke(NativeMethodAccessorImpl.java:57)
	at sun.reflect.DelegatingMethodAccessorImpl.invoke(DelegatingMethodAccessorImpl.java:43)
	at java.lang.reflect.Method.invoke(Method.java:601)
	at org.apache.maven.surefire.util.ReflectionUtils.invokeMethodWithArray2(ReflectionUtils.java:208)
	at org.apache.maven.surefire.booter.ProviderFactory$ProviderProxy.invoke(ProviderFactory.java:159)
	at org.apache.maven.surefire.booter.ProviderFactory.invokeProvider(ProviderFactory.java:87)
	at org.apache.maven.surefire.booter.ForkedBooter.runSuitesInProcess(ForkedBooter.java:153)
	at org.apache.maven.surefire.booter.ForkedBooter.main(ForkedBooter.java:95)
</pre></div></td>
<td>0</td>
<td>org.identityconnectors.framework.common.objects.AttributeUtilTests@4db4b88d</td></tr>
<tr>
<td title='org.identityconnectors.framework.common.objects.AttributeUtilTests.testGetUidAttribute()'><b>testGetUidAttribute</b><br>Test class: org.identityconnectors.framework.common.objects.AttributeUtilTests</td>
<td></td>
<td>0</td>
<td>org.identityconnectors.framework.common.objects.AttributeUtilTests@4db4b88d</td></tr>
<tr>
<td title='org.identityconnectors.common.CollectionUtilTests.testHashCode()'><b>testHashCode</b><br>Test class: org.identityconnectors.common.CollectionUtilTests</td>
<td></td>
<td>0</td>
<td>org.identityconnectors.common.CollectionUtilTests@3694f9de</td></tr>
<tr>
<td title='org.identityconnectors.framework.common.objects.ObjectClassInfoTests.testHashCode()'><b>testHashCode</b><br>Test class: org.identityconnectors.framework.common.objects.ObjectClassInfoTests</td>
<td></td>
<td>0</td>
<td>org.identityconnectors.framework.common.objects.ObjectClassInfoTests@1b23b8f7</td></tr>
<tr>
<td title='org.identityconnectors.framework.common.objects.ObjectClassTests.testHashCode()'><b>testHashCode</b><br>Test class: org.identityconnectors.framework.common.objects.ObjectClassTests</td>
<td></td>
<td>0</td>
<td>org.identityconnectors.framework.common.objects.ObjectClassTests@6ea079d0</td></tr>
<tr>
<td title='org.identityconnectors.framework.common.objects.AttributeInfoTests.testHashCodeIndependentOnLocale()'><b>testHashCodeIndependentOnLocale</b><br>Test class: org.identityconnectors.framework.common.objects.AttributeInfoTests</td>
<td></td>
<td>0</td>
<td>org.identityconnectors.framework.common.objects.AttributeInfoTests@2e8923f5</td></tr>
<tr>
<td title='org.identityconnectors.framework.common.objects.AttributeTests.testHashCodeIndependentOnLocale()'><b>testHashCodeIndependentOnLocale</b><br>Test class: org.identityconnectors.framework.common.objects.AttributeTests</td>
<td></td>
<td>0</td>
<td>org.identityconnectors.framework.common.objects.AttributeTests@1ed6ecc2</td></tr>
<tr>
<td title='org.identityconnectors.framework.common.objects.ObjectClassInfoTests.testHashCodeIndependentOnLocale()'><b>testHashCodeIndependentOnLocale</b><br>Test class: org.identityconnectors.framework.common.objects.ObjectClassInfoTests</td>
<td></td>
<td>0</td>
<td>org.identityconnectors.framework.common.objects.ObjectClassInfoTests@1b23b8f7</td></tr>
<tr>
<td title='org.identityconnectors.framework.common.objects.ObjectClassTests.testHashCodeIndependentOnLocale()'><b>testHashCodeIndependentOnLocale</b><br>Test class: org.identityconnectors.framework.common.objects.ObjectClassTests</td>
<td></td>
<td>0</td>
<td>org.identityconnectors.framework.common.objects.ObjectClassTests@6ea079d0</td></tr>
<tr>
<td title='org.identityconnectors.common.StringUtilTests.testIndexOfDigit()'><b>testIndexOfDigit</b><br>Test class: org.identityconnectors.common.StringUtilTests</td>
<td></td>
<td>0</td>
<td>org.identityconnectors.common.StringUtilTests@28294944</td></tr>
<tr>
<td title='org.identityconnectors.common.StringUtilTests.testIndexOfNonDigit()'><b>testIndexOfNonDigit</b><br>Test class: org.identityconnectors.common.StringUtilTests</td>
<td></td>
<td>0</td>
<td>org.identityconnectors.common.StringUtilTests@28294944</td></tr>
<tr>
<td title='org.identityconnectors.common.EqualsHashCodeBuilderTests.testInt()'><b>testInt</b><br>Test class: org.identityconnectors.common.EqualsHashCodeBuilderTests</td>
<td></td>
<td>0</td>
<td>org.identityconnectors.common.EqualsHashCodeBuilderTests@7d4012b3</td></tr>
<tr>
<td title='org.identityconnectors.common.EqualsHashCodeBuilderTests.testIntArray()'><b>testIntArray</b><br>Test class: org.identityconnectors.common.EqualsHashCodeBuilderTests</td>
<td></td>
<td>0</td>
<td>org.identityconnectors.common.EqualsHashCodeBuilderTests@7d4012b3</td></tr>
<tr>
<td title='org.identityconnectors.common.EqualsHashCodeBuilderTests.testIntArrayHiddenByObject()'><b>testIntArrayHiddenByObject</b><br>Test class: org.identityconnectors.common.EqualsHashCodeBuilderTests</td>
<td></td>
<td>0</td>
<td>org.identityconnectors.common.EqualsHashCodeBuilderTests@7d4012b3</td></tr>
<tr>
<td title='org.identityconnectors.framework.common.objects.ObjectClassInfoTests.testIs()'><b>testIs</b><br>Test class: org.identityconnectors.framework.common.objects.ObjectClassInfoTests</td>
<td></td>
<td>0</td>
<td>org.identityconnectors.framework.common.objects.ObjectClassInfoTests@1b23b8f7</td></tr>
<tr>
<td title='org.identityconnectors.framework.common.objects.ObjectClassTests.testIs()'><b>testIs</b><br>Test class: org.identityconnectors.framework.common.objects.ObjectClassTests</td>
<td></td>
<td>0</td>
<td>org.identityconnectors.framework.common.objects.ObjectClassTests@6ea079d0</td></tr>
<tr>
<td title='org.identityconnectors.common.StringUtilTests.testIsBlank()'><b>testIsBlank</b><br>Test class: org.identityconnectors.common.StringUtilTests</td>
<td></td>
<td>0</td>
<td>org.identityconnectors.common.StringUtilTests@28294944</td></tr>
<tr>
<td title='org.identityconnectors.common.CollectionUtilTests.testIsEmpty()'><b>testIsEmpty</b><br>Test class: org.identityconnectors.common.CollectionUtilTests</td>
<td></td>
<td>0</td>
<td>org.identityconnectors.common.CollectionUtilTests@3694f9de</td></tr>
<tr>
<td title='org.identityconnectors.common.StringUtilTests.testIsEmpty()'><b>testIsEmpty</b><br>Test class: org.identityconnectors.common.StringUtilTests</td>
<td></td>
<td>0</td>
<td>org.identityconnectors.common.StringUtilTests@28294944</td></tr>
<tr>
<td title='org.identityconnectors.framework.common.objects.AttributeInfoUtilTests.testIsMethod()'><b>testIsMethod</b><br>Test class: org.identityconnectors.framework.common.objects.AttributeInfoUtilTests</td>
<td></td>
<td>0</td>
<td>org.identityconnectors.framework.common.objects.AttributeInfoUtilTests@3051c45f</td></tr>
<tr>
<td title='org.identityconnectors.framework.common.objects.AttributeUtilTests.testIsMethod()'><b>testIsMethod</b><br>Test class: org.identityconnectors.framework.common.objects.AttributeUtilTests</td>
<td></td>
<td>0</td>
<td>org.identityconnectors.framework.common.objects.AttributeUtilTests@4db4b88d</td></tr>
<tr>
<td title='org.identityconnectors.common.StringUtilTests.testIsNotBlank()'><b>testIsNotBlank</b><br>Test class: org.identityconnectors.common.StringUtilTests</td>
<td></td>
<td>0</td>
<td>org.identityconnectors.common.StringUtilTests@28294944</td></tr>
<tr>
<td title='org.identityconnectors.common.StringUtilTests.testIsNotEmpty()'><b>testIsNotEmpty</b><br>Test class: org.identityconnectors.common.StringUtilTests</td>
<td></td>
<td>0</td>
<td>org.identityconnectors.common.StringUtilTests@28294944</td></tr>
<tr>
<td title='org.identityconnectors.framework.common.objects.AttributeUtilTests.testIsSpecial()'><b>testIsSpecial</b><br>Test class: org.identityconnectors.framework.common.objects.AttributeUtilTests</td>
<td></td>
<td>0</td>
<td>org.identityconnectors.framework.common.objects.AttributeUtilTests@4db4b88d</td></tr>
<tr>
<td title='org.identityconnectors.framework.common.objects.ObjectClassUtilTests.testIsSpecial()'><b>testIsSpecial</b><br>Test class: org.identityconnectors.framework.common.objects.ObjectClassUtilTests</td>
<td></td>
<td>0</td>
<td>org.identityconnectors.framework.common.objects.ObjectClassUtilTests@220acc95</td></tr>
<tr>
<td title='org.identityconnectors.common.script.ScriptTests.testLanguageNotBlank()'><b>testLanguageNotBlank</b><br>Test class: org.identityconnectors.common.script.ScriptTests</td>
<td></td>
<td>0</td>
<td>org.identityconnectors.common.script.ScriptTests@23e8f4e1</td></tr>
<tr>
<td title='org.identityconnectors.common.CollectionUtilTests.testList()'><b>testList</b><br>Test class: org.identityconnectors.common.CollectionUtilTests</td>
<td><div><pre>java.lang.UnsupportedOperationException
	at java.util.Collections$UnmodifiableCollection.remove(Collections.java:1078)
	at org.identityconnectors.common.CollectionUtilTests.testList(CollectionUtilTests.java:152)
... Removed 34 stack frames</pre></div><a href='#' onClick='toggleBox("stack-trace1241889804", this, "Click to show all stack frames", "Click to hide stack frames")'>Click to show all stack frames</a>
<div class='stack-trace' id='stack-trace1241889804'><pre>java.lang.UnsupportedOperationException
	at java.util.Collections$UnmodifiableCollection.remove(Collections.java:1078)
	at org.identityconnectors.common.CollectionUtilTests.testList(CollectionUtilTests.java:152)
	at sun.reflect.NativeMethodAccessorImpl.invoke0(Native Method)
	at sun.reflect.NativeMethodAccessorImpl.invoke(NativeMethodAccessorImpl.java:57)
	at sun.reflect.DelegatingMethodAccessorImpl.invoke(DelegatingMethodAccessorImpl.java:43)
	at java.lang.reflect.Method.invoke(Method.java:601)
	at org.testng.internal.MethodInvocationHelper.invokeMethod(MethodInvocationHelper.java:84)
	at org.testng.internal.Invoker.invokeMethod(Invoker.java:714)
	at org.testng.internal.Invoker.invokeTestMethod(Invoker.java:901)
	at org.testng.internal.Invoker.invokeTestMethods(Invoker.java:1231)
	at org.testng.internal.TestMethodWorker.invokeTestMethods(TestMethodWorker.java:127)
	at org.testng.internal.TestMethodWorker.run(TestMethodWorker.java:111)
	at org.testng.TestRunner.privateRun(TestRunner.java:767)
	at org.testng.TestRunner.run(TestRunner.java:617)
	at org.testng.SuiteRunner.runTest(SuiteRunner.java:334)
	at org.testng.SuiteRunner.runSequentially(SuiteRunner.java:329)
	at org.testng.SuiteRunner.privateRun(SuiteRunner.java:291)
	at org.testng.SuiteRunner.run(SuiteRunner.java:240)
	at org.testng.SuiteRunnerWorker.runSuite(SuiteRunnerWorker.java:52)
	at org.testng.SuiteRunnerWorker.run(SuiteRunnerWorker.java:86)
	at org.testng.TestNG.runSuitesSequentially(TestNG.java:1224)
	at org.testng.TestNG.runSuitesLocally(TestNG.java:1149)
	at org.testng.TestNG.run(TestNG.java:1057)
	at org.apache.maven.surefire.testng.TestNGExecutor.run(TestNGExecutor.java:77)
	at org.apache.maven.surefire.testng.TestNGDirectoryTestSuite.executeMulti(TestNGDirectoryTestSuite.java:189)
	at org.apache.maven.surefire.testng.TestNGDirectoryTestSuite.execute(TestNGDirectoryTestSuite.java:105)
	at org.apache.maven.surefire.testng.TestNGProvider.invoke(TestNGProvider.java:117)
	at sun.reflect.NativeMethodAccessorImpl.invoke0(Native Method)
	at sun.reflect.NativeMethodAccessorImpl.invoke(NativeMethodAccessorImpl.java:57)
	at sun.reflect.DelegatingMethodAccessorImpl.invoke(DelegatingMethodAccessorImpl.java:43)
	at java.lang.reflect.Method.invoke(Method.java:601)
	at org.apache.maven.surefire.util.ReflectionUtils.invokeMethodWithArray2(ReflectionUtils.java:208)
	at org.apache.maven.surefire.booter.ProviderFactory$ProviderProxy.invoke(ProviderFactory.java:159)
	at org.apache.maven.surefire.booter.ProviderFactory.invokeProvider(ProviderFactory.java:87)
	at org.apache.maven.surefire.booter.ForkedBooter.runSuitesInProcess(ForkedBooter.java:153)
	at org.apache.maven.surefire.booter.ForkedBooter.main(ForkedBooter.java:95)
</pre></div></td>
<td>0</td>
<td>org.identityconnectors.common.CollectionUtilTests@3694f9de</td></tr>
<tr>
<td title='org.identityconnectors.common.EqualsHashCodeBuilderTests.testList()'><b>testList</b><br>Test class: org.identityconnectors.common.EqualsHashCodeBuilderTests</td>
<td></td>
<td>0</td>
<td>org.identityconnectors.common.EqualsHashCodeBuilderTests@7d4012b3</td></tr>
<tr>
<td title='org.identityconnectors.common.EqualsHashCodeBuilderTests.testLong()'><b>testLong</b><br>Test class: org.identityconnectors.common.EqualsHashCodeBuilderTests</td>
<td></td>
<td>0</td>
<td>org.identityconnectors.common.EqualsHashCodeBuilderTests@7d4012b3</td></tr>
<tr>
<td title='org.identityconnectors.common.EqualsHashCodeBuilderTests.testLongArray()'><b>testLongArray</b><br>Test class: org.identityconnectors.common.EqualsHashCodeBuilderTests</td>
<td></td>
<td>0</td>
<td>org.identityconnectors.common.EqualsHashCodeBuilderTests@7d4012b3</td></tr>
<tr>
<td title='org.identityconnectors.common.EqualsHashCodeBuilderTests.testLongArrayHiddenByObject()'><b>testLongArrayHiddenByObject</b><br>Test class: org.identityconnectors.common.EqualsHashCodeBuilderTests</td>
<td></td>
<td>0</td>
<td>org.identityconnectors.common.EqualsHashCodeBuilderTests@7d4012b3</td></tr>
<tr>
<td title='org.identityconnectors.framework.common.objects.AttributeTests.testName()'><b>testName</b><br>Test class: org.identityconnectors.framework.common.objects.AttributeTests</td>
<td></td>
<td>0</td>
<td>org.identityconnectors.framework.common.objects.AttributeTests@1ed6ecc2</td></tr>
<tr>
<td title='org.identityconnectors.framework.common.objects.AttributeUtilTests.testNamesEqual()'><b>testNamesEqual</b><br>Test class: org.identityconnectors.framework.common.objects.AttributeUtilTests</td>
<td></td>
<td>0</td>
<td>org.identityconnectors.framework.common.objects.AttributeUtilTests@4db4b88d</td></tr>
<tr>
<td title='org.identityconnectors.framework.common.objects.ObjectClassUtilTests.testNamesEqual()'><b>testNamesEqual</b><br>Test class: org.identityconnectors.framework.common.objects.ObjectClassUtilTests</td>
<td></td>
<td>0</td>
<td>org.identityconnectors.framework.common.objects.ObjectClassUtilTests@220acc95</td></tr>
<tr>
<td title='org.identityconnectors.framework.common.objects.ObjectClassInfoTests.testNoName()'><b>testNoName</b><br>Test class: org.identityconnectors.framework.common.objects.ObjectClassInfoTests</td>
<td><div><pre>java.lang.IllegalArgumentException: Missing &apos;Name&apos; attribute info.
	at org.identityconnectors.framework.common.objects.ObjectClassInfo.&lt;init&gt;(ObjectClassInfo.java:65)
	at org.identityconnectors.framework.common.objects.ObjectClassInfoTests.testNoName(ObjectClassInfoTests.java:47)
... Removed 34 stack frames</pre></div><a href='#' onClick='toggleBox("stack-trace146047105", this, "Click to show all stack frames", "Click to hide stack frames")'>Click to show all stack frames</a>
<div class='stack-trace' id='stack-trace146047105'><pre>java.lang.IllegalArgumentException: Missing &apos;Name&apos; attribute info.
	at org.identityconnectors.framework.common.objects.ObjectClassInfo.&lt;init&gt;(ObjectClassInfo.java:65)
	at org.identityconnectors.framework.common.objects.ObjectClassInfoTests.testNoName(ObjectClassInfoTests.java:47)
	at sun.reflect.NativeMethodAccessorImpl.invoke0(Native Method)
	at sun.reflect.NativeMethodAccessorImpl.invoke(NativeMethodAccessorImpl.java:57)
	at sun.reflect.DelegatingMethodAccessorImpl.invoke(DelegatingMethodAccessorImpl.java:43)
	at java.lang.reflect.Method.invoke(Method.java:601)
	at org.testng.internal.MethodInvocationHelper.invokeMethod(MethodInvocationHelper.java:84)
	at org.testng.internal.Invoker.invokeMethod(Invoker.java:714)
	at org.testng.internal.Invoker.invokeTestMethod(Invoker.java:901)
	at org.testng.internal.Invoker.invokeTestMethods(Invoker.java:1231)
	at org.testng.internal.TestMethodWorker.invokeTestMethods(TestMethodWorker.java:127)
	at org.testng.internal.TestMethodWorker.run(TestMethodWorker.java:111)
	at org.testng.TestRunner.privateRun(TestRunner.java:767)
	at org.testng.TestRunner.run(TestRunner.java:617)
	at org.testng.SuiteRunner.runTest(SuiteRunner.java:334)
	at org.testng.SuiteRunner.runSequentially(SuiteRunner.java:329)
	at org.testng.SuiteRunner.privateRun(SuiteRunner.java:291)
	at org.testng.SuiteRunner.run(SuiteRunner.java:240)
	at org.testng.SuiteRunnerWorker.runSuite(SuiteRunnerWorker.java:52)
	at org.testng.SuiteRunnerWorker.run(SuiteRunnerWorker.java:86)
	at org.testng.TestNG.runSuitesSequentially(TestNG.java:1224)
	at org.testng.TestNG.runSuitesLocally(TestNG.java:1149)
	at org.testng.TestNG.run(TestNG.java:1057)
	at org.apache.maven.surefire.testng.TestNGExecutor.run(TestNGExecutor.java:77)
	at org.apache.maven.surefire.testng.TestNGDirectoryTestSuite.executeMulti(TestNGDirectoryTestSuite.java:189)
	at org.apache.maven.surefire.testng.TestNGDirectoryTestSuite.execute(TestNGDirectoryTestSuite.java:105)
	at org.apache.maven.surefire.testng.TestNGProvider.invoke(TestNGProvider.java:117)
	at sun.reflect.NativeMethodAccessorImpl.invoke0(Native Method)
	at sun.reflect.NativeMethodAccessorImpl.invoke(NativeMethodAccessorImpl.java:57)
	at sun.reflect.DelegatingMethodAccessorImpl.invoke(DelegatingMethodAccessorImpl.java:43)
	at java.lang.reflect.Method.invoke(Method.java:601)
	at org.apache.maven.surefire.util.ReflectionUtils.invokeMethodWithArray2(ReflectionUtils.java:208)
	at org.apache.maven.surefire.booter.ProviderFactory$ProviderProxy.invoke(ProviderFactory.java:159)
	at org.apache.maven.surefire.booter.ProviderFactory.invokeProvider(ProviderFactory.java:87)
	at org.apache.maven.surefire.booter.ForkedBooter.runSuitesInProcess(ForkedBooter.java:153)
	at org.apache.maven.surefire.booter.ForkedBooter.main(ForkedBooter.java:95)
</pre></div></td>
<td>0</td>
<td>org.identityconnectors.framework.common.objects.ObjectClassInfoTests@1b23b8f7</td></tr>
<tr>
<td title='org.identityconnectors.common.EqualsHashCodeBuilderTests.testNonCollectionSupport()'><b>testNonCollectionSupport</b><br>Test class: org.identityconnectors.common.EqualsHashCodeBuilderTests</td>
<td></td>
<td>0</td>
<td>org.identityconnectors.common.EqualsHashCodeBuilderTests@7d4012b3</td></tr>
<tr>
<td title='org.identityconnectors.framework.common.objects.AttributeTests.testNormal()'><b>testNormal</b><br>Test class: org.identityconnectors.framework.common.objects.AttributeTests</td>
<td></td>
<td>0</td>
<td>org.identityconnectors.framework.common.objects.AttributeTests@1ed6ecc2</td></tr>
<tr>
<td title='org.identityconnectors.common.CollectionUtilTests.testNullAsEmptyList()'><b>testNullAsEmptyList</b><br>Test class: org.identityconnectors.common.CollectionUtilTests</td>
<td></td>
<td>0</td>
<td>org.identityconnectors.common.CollectionUtilTests@3694f9de</td></tr>
<tr>
<td title='org.identityconnectors.common.CollectionUtilTests.testNullAsEmptyMap()'><b>testNullAsEmptyMap</b><br>Test class: org.identityconnectors.common.CollectionUtilTests</td>
<td></td>
<td>0</td>
<td>org.identityconnectors.common.CollectionUtilTests@3694f9de</td></tr>
<tr>
<td title='org.identityconnectors.common.CollectionUtilTests.testNullAsEmptySet()'><b>testNullAsEmptySet</b><br>Test class: org.identityconnectors.common.CollectionUtilTests</td>
<td></td>
<td>0</td>
<td>org.identityconnectors.common.CollectionUtilTests@3694f9de</td></tr>
<tr>
<td title='org.identityconnectors.common.EqualsHashCodeBuilderTests.testObject()'><b>testObject</b><br>Test class: org.identityconnectors.common.EqualsHashCodeBuilderTests</td>
<td></td>
<td>0</td>
<td>org.identityconnectors.common.EqualsHashCodeBuilderTests@7d4012b3</td></tr>
<tr>
<td title='org.identityconnectors.common.EqualsHashCodeBuilderTests.testObjectArray()'><b>testObjectArray</b><br>Test class: org.identityconnectors.common.EqualsHashCodeBuilderTests</td>
<td></td>
<td>0</td>
<td>org.identityconnectors.common.EqualsHashCodeBuilderTests@7d4012b3</td></tr>
<tr>
<td title='org.identityconnectors.common.EqualsHashCodeBuilderTests.testObjectArrayHiddenByObject()'><b>testObjectArrayHiddenByObject</b><br>Test class: org.identityconnectors.common.EqualsHashCodeBuilderTests</td>
<td></td>
<td>0</td>
<td>org.identityconnectors.common.EqualsHashCodeBuilderTests@7d4012b3</td></tr>
<tr>
<td title='org.identityconnectors.common.VersionTests.testParse()'><b>testParse</b><br>Test class: org.identityconnectors.common.VersionTests</td>
<td></td>
<td>0</td>
<td>org.identityconnectors.common.VersionTests@26b923ee</td></tr>
<tr>
<td title='org.identityconnectors.common.StringUtilTests.testParseLine()'><b>testParseLine</b><br>Test class: org.identityconnectors.common.StringUtilTests</td>
<td></td>
<td>0</td>
<td>org.identityconnectors.common.StringUtilTests@28294944</td></tr>
<tr>
<td title='org.identityconnectors.framework.common.objects.AttributeInfoUtilTests.testPasswordBuild()'><b>testPasswordBuild</b><br>Test class: org.identityconnectors.framework.common.objects.AttributeInfoUtilTests</td>
<td><div><pre>java.lang.IllegalArgumentException: Password based attributes must be of type GuardedString.
	at org.identityconnectors.framework.common.objects.AttributeInfo.&lt;init&gt;(AttributeInfo.java:81)
	at org.identityconnectors.framework.common.objects.AttributeInfoBuilder.build(AttributeInfoBuilder.java:118)
	at org.identityconnectors.framework.common.objects.AttributeInfoBuilder.build(AttributeInfoBuilder.java:242)
	at org.identityconnectors.framework.common.objects.AttributeInfoBuilder.build(AttributeInfoBuilder.java:257)
	at org.identityconnectors.framework.common.objects.AttributeInfoBuilder.build(AttributeInfoBuilder.java:270)
	at org.identityconnectors.framework.common.objects.AttributeInfoUtilTests.testPasswordBuild(AttributeInfoUtilTests.java:57)
... Removed 34 stack frames</pre></div><a href='#' onClick='toggleBox("stack-trace661657807", this, "Click to show all stack frames", "Click to hide stack frames")'>Click to show all stack frames</a>
<div class='stack-trace' id='stack-trace661657807'><pre>java.lang.IllegalArgumentException: Password based attributes must be of type GuardedString.
	at org.identityconnectors.framework.common.objects.AttributeInfo.&lt;init&gt;(AttributeInfo.java:81)
	at org.identityconnectors.framework.common.objects.AttributeInfoBuilder.build(AttributeInfoBuilder.java:118)
	at org.identityconnectors.framework.common.objects.AttributeInfoBuilder.build(AttributeInfoBuilder.java:242)
	at org.identityconnectors.framework.common.objects.AttributeInfoBuilder.build(AttributeInfoBuilder.java:257)
	at org.identityconnectors.framework.common.objects.AttributeInfoBuilder.build(AttributeInfoBuilder.java:270)
	at org.identityconnectors.framework.common.objects.AttributeInfoUtilTests.testPasswordBuild(AttributeInfoUtilTests.java:57)
	at sun.reflect.NativeMethodAccessorImpl.invoke0(Native Method)
	at sun.reflect.NativeMethodAccessorImpl.invoke(NativeMethodAccessorImpl.java:57)
	at sun.reflect.DelegatingMethodAccessorImpl.invoke(DelegatingMethodAccessorImpl.java:43)
	at java.lang.reflect.Method.invoke(Method.java:601)
	at org.testng.internal.MethodInvocationHelper.invokeMethod(MethodInvocationHelper.java:84)
	at org.testng.internal.Invoker.invokeMethod(Invoker.java:714)
	at org.testng.internal.Invoker.invokeTestMethod(Invoker.java:901)
	at org.testng.internal.Invoker.invokeTestMethods(Invoker.java:1231)
	at org.testng.internal.TestMethodWorker.invokeTestMethods(TestMethodWorker.java:127)
	at org.testng.internal.TestMethodWorker.run(TestMethodWorker.java:111)
	at org.testng.TestRunner.privateRun(TestRunner.java:767)
	at org.testng.TestRunner.run(TestRunner.java:617)
	at org.testng.SuiteRunner.runTest(SuiteRunner.java:334)
	at org.testng.SuiteRunner.runSequentially(SuiteRunner.java:329)
	at org.testng.SuiteRunner.privateRun(SuiteRunner.java:291)
	at org.testng.SuiteRunner.run(SuiteRunner.java:240)
	at org.testng.SuiteRunnerWorker.runSuite(SuiteRunnerWorker.java:52)
	at org.testng.SuiteRunnerWorker.run(SuiteRunnerWorker.java:86)
	at org.testng.TestNG.runSuitesSequentially(TestNG.java:1224)
	at org.testng.TestNG.runSuitesLocally(TestNG.java:1149)
	at org.testng.TestNG.run(TestNG.java:1057)
	at org.apache.maven.surefire.testng.TestNGExecutor.run(TestNGExecutor.java:77)
	at org.apache.maven.surefire.testng.TestNGDirectoryTestSuite.executeMulti(TestNGDirectoryTestSuite.java:189)
	at org.apache.maven.surefire.testng.TestNGDirectoryTestSuite.execute(TestNGDirectoryTestSuite.java:105)
	at org.apache.maven.surefire.testng.TestNGProvider.invoke(TestNGProvider.java:117)
	at sun.reflect.NativeMethodAccessorImpl.invoke0(Native Method)
	at sun.reflect.NativeMethodAccessorImpl.invoke(NativeMethodAccessorImpl.java:57)
	at sun.reflect.DelegatingMethodAccessorImpl.invoke(DelegatingMethodAccessorImpl.java:43)
	at java.lang.reflect.Method.invoke(Method.java:601)
	at org.apache.maven.surefire.util.ReflectionUtils.invokeMethodWithArray2(ReflectionUtils.java:208)
	at org.apache.maven.surefire.booter.ProviderFactory$ProviderProxy.invoke(ProviderFactory.java:159)
	at org.apache.maven.surefire.booter.ProviderFactory.invokeProvider(ProviderFactory.java:87)
	at org.apache.maven.surefire.booter.ForkedBooter.runSuitesInProcess(ForkedBooter.java:153)
	at org.apache.maven.surefire.booter.ForkedBooter.main(ForkedBooter.java:95)
</pre></div></td>
<td>0</td>
<td>org.identityconnectors.framework.common.objects.AttributeInfoUtilTests@3051c45f</td></tr>
<tr>
<td title='org.identityconnectors.common.VersionTests.testQualifiedIgnored()'><b>testQualifiedIgnored</b><br>Test class: org.identityconnectors.common.VersionTests</td>
<td></td>
<td>0</td>
<td>org.identityconnectors.common.VersionTests@26b923ee</td></tr>
<tr>
<td title='org.identityconnectors.common.StringUtilTests.testRandomParseLine()'><b>testRandomParseLine</b><br>Test class: org.identityconnectors.common.StringUtilTests</td>
<td></td>
<td>0</td>
<td>org.identityconnectors.common.StringUtilTests@28294944</td></tr>
<tr>
<td title='org.identityconnectors.common.StringUtilTests.testRandomString()'><b>testRandomString</b><br>Test class: org.identityconnectors.common.StringUtilTests</td>
<td></td>
<td>0</td>
<td>org.identityconnectors.common.StringUtilTests@28294944</td></tr>
<tr>
<td title='org.identityconnectors.common.security.GuardedByteArrayTests.testRange()'><b>testRange</b><br>Test class: org.identityconnectors.common.security.GuardedByteArrayTests</td>
<td></td>
<td>0</td>
<td>org.identityconnectors.common.security.GuardedByteArrayTests@2797e57c</td></tr>
<tr>
<td title='org.identityconnectors.common.security.GuardedByteArrayTests.testReadOnly()'><b>testReadOnly</b><br>Test class: org.identityconnectors.common.security.GuardedByteArrayTests</td>
<td></td>
<td>0</td>
<td>org.identityconnectors.common.security.GuardedByteArrayTests@2797e57c</td></tr>
<tr>
<td title='org.identityconnectors.common.security.GuardedStringTests.testReadOnly()'><b>testReadOnly</b><br>Test class: org.identityconnectors.common.security.GuardedStringTests</td>
<td></td>
<td>0</td>
<td>org.identityconnectors.common.security.GuardedStringTests@70ec46ff</td></tr>
<tr>
<td title='org.identityconnectors.common.CollectionUtilTests.testReadonlyList()'><b>testReadonlyList</b><br>Test class: org.identityconnectors.common.CollectionUtilTests</td>
<td></td>
<td>0</td>
<td>org.identityconnectors.common.CollectionUtilTests@3694f9de</td></tr>
<tr>
<td title='org.identityconnectors.common.CollectionUtilTests.testReadonlySet()'><b>testReadonlySet</b><br>Test class: org.identityconnectors.common.CollectionUtilTests</td>
<td></td>
<td>0</td>
<td>org.identityconnectors.common.CollectionUtilTests@3694f9de</td></tr>
<tr>
<td title='org.identityconnectors.common.script.ScriptExecutorFactoryTests.testRegisteredFactories()'><b>testRegisteredFactories</b><br>Test class: org.identityconnectors.common.script.ScriptExecutorFactoryTests</td>
<td></td>
<td>0</td>
<td>org.identityconnectors.common.script.ScriptExecutorFactoryTests@4fa9cba5</td></tr>
<tr>
<td title='org.identityconnectors.framework.common.objects.AttributeInfoUtilTests.testRegularPassword()'><b>testRegularPassword</b><br>Test class: org.identityconnectors.framework.common.objects.AttributeInfoUtilTests</td>
<td></td>
<td>0</td>
<td>org.identityconnectors.framework.common.objects.AttributeInfoUtilTests@3051c45f</td></tr>
<tr>
<td title='org.identityconnectors.common.StringUtilTests.testReplaceVariables()'><b>testReplaceVariables</b><br>Test class: org.identityconnectors.common.StringUtilTests</td>
<td></td>
<td>0</td>
<td>org.identityconnectors.common.StringUtilTests@28294944</td></tr>
<tr>
<td title='org.identityconnectors.common.CollectionUtilTests.testSet()'><b>testSet</b><br>Test class: org.identityconnectors.common.CollectionUtilTests</td>
<td><div><pre>java.lang.UnsupportedOperationException
	at java.util.Collections$UnmodifiableCollection.add(Collections.java:1075)
	at org.identityconnectors.common.CollectionUtilTests.testSet(CollectionUtilTests.java:181)
... Removed 34 stack frames</pre></div><a href='#' onClick='toggleBox("stack-trace2132433228", this, "Click to show all stack frames", "Click to hide stack frames")'>Click to show all stack frames</a>
<div class='stack-trace' id='stack-trace2132433228'><pre>java.lang.UnsupportedOperationException
	at java.util.Collections$UnmodifiableCollection.add(Collections.java:1075)
	at org.identityconnectors.common.CollectionUtilTests.testSet(CollectionUtilTests.java:181)
	at sun.reflect.NativeMethodAccessorImpl.invoke0(Native Method)
	at sun.reflect.NativeMethodAccessorImpl.invoke(NativeMethodAccessorImpl.java:57)
	at sun.reflect.DelegatingMethodAccessorImpl.invoke(DelegatingMethodAccessorImpl.java:43)
	at java.lang.reflect.Method.invoke(Method.java:601)
	at org.testng.internal.MethodInvocationHelper.invokeMethod(MethodInvocationHelper.java:84)
	at org.testng.internal.Invoker.invokeMethod(Invoker.java:714)
	at org.testng.internal.Invoker.invokeTestMethod(Invoker.java:901)
	at org.testng.internal.Invoker.invokeTestMethods(Invoker.java:1231)
	at org.testng.internal.TestMethodWorker.invokeTestMethods(TestMethodWorker.java:127)
	at org.testng.internal.TestMethodWorker.run(TestMethodWorker.java:111)
	at org.testng.TestRunner.privateRun(TestRunner.java:767)
	at org.testng.TestRunner.run(TestRunner.java:617)
	at org.testng.SuiteRunner.runTest(SuiteRunner.java:334)
	at org.testng.SuiteRunner.runSequentially(SuiteRunner.java:329)
	at org.testng.SuiteRunner.privateRun(SuiteRunner.java:291)
	at org.testng.SuiteRunner.run(SuiteRunner.java:240)
	at org.testng.SuiteRunnerWorker.runSuite(SuiteRunnerWorker.java:52)
	at org.testng.SuiteRunnerWorker.run(SuiteRunnerWorker.java:86)
	at org.testng.TestNG.runSuitesSequentially(TestNG.java:1224)
	at org.testng.TestNG.runSuitesLocally(TestNG.java:1149)
	at org.testng.TestNG.run(TestNG.java:1057)
	at org.apache.maven.surefire.testng.TestNGExecutor.run(TestNGExecutor.java:77)
	at org.apache.maven.surefire.testng.TestNGDirectoryTestSuite.executeMulti(TestNGDirectoryTestSuite.java:189)
	at org.apache.maven.surefire.testng.TestNGDirectoryTestSuite.execute(TestNGDirectoryTestSuite.java:105)
	at org.apache.maven.surefire.testng.TestNGProvider.invoke(TestNGProvider.java:117)
	at sun.reflect.NativeMethodAccessorImpl.invoke0(Native Method)
	at sun.reflect.NativeMethodAccessorImpl.invoke(NativeMethodAccessorImpl.java:57)
	at sun.reflect.DelegatingMethodAccessorImpl.invoke(DelegatingMethodAccessorImpl.java:43)
	at java.lang.reflect.Method.invoke(Method.java:601)
	at org.apache.maven.surefire.util.ReflectionUtils.invokeMethodWithArray2(ReflectionUtils.java:208)
	at org.apache.maven.surefire.booter.ProviderFactory$ProviderProxy.invoke(ProviderFactory.java:159)
	at org.apache.maven.surefire.booter.ProviderFactory.invokeProvider(ProviderFactory.java:87)
	at org.apache.maven.surefire.booter.ForkedBooter.runSuitesInProcess(ForkedBooter.java:153)
	at org.apache.maven.surefire.booter.ForkedBooter.main(ForkedBooter.java:95)
</pre></div></td>
<td>0</td>
<td>org.identityconnectors.common.CollectionUtilTests@3694f9de</td></tr>
<tr>
<td title='org.identityconnectors.common.EqualsHashCodeBuilderTests.testSet()'><b>testSet</b><br>Test class: org.identityconnectors.common.EqualsHashCodeBuilderTests</td>
<td></td>
<td>0</td>
<td>org.identityconnectors.common.EqualsHashCodeBuilderTests@7d4012b3</td></tr>
<tr>
<td title='org.identityconnectors.common.EqualsHashCodeBuilderTests.testShort()'><b>testShort</b><br>Test class: org.identityconnectors.common.EqualsHashCodeBuilderTests</td>
<td></td>
<td>0</td>
<td>org.identityconnectors.common.EqualsHashCodeBuilderTests@7d4012b3</td></tr>
<tr>
<td title='org.identityconnectors.common.EqualsHashCodeBuilderTests.testShortArray()'><b>testShortArray</b><br>Test class: org.identityconnectors.common.EqualsHashCodeBuilderTests</td>
<td></td>
<td>0</td>
<td>org.identityconnectors.common.EqualsHashCodeBuilderTests@7d4012b3</td></tr>
<tr>
<td title='org.identityconnectors.common.EqualsHashCodeBuilderTests.testShortArrayHiddenByObject()'><b>testShortArrayHiddenByObject</b><br>Test class: org.identityconnectors.common.EqualsHashCodeBuilderTests</td>
<td></td>
<td>0</td>
<td>org.identityconnectors.common.EqualsHashCodeBuilderTests@7d4012b3</td></tr>
<tr>
<td title='org.identityconnectors.framework.common.objects.filter.FilterTranslatorTests.testSimplifyNoAnd()'><b>testSimplifyNoAnd</b><br>Test class: org.identityconnectors.framework.common.objects.filter.FilterTranslatorTests</td>
<td></td>
<td>0</td>
<td>org.identityconnectors.framework.common.objects.filter.FilterTranslatorTests@2d97c1b1</td></tr>
<tr>
<td title='org.identityconnectors.framework.common.objects.filter.FilterTranslatorTests.testSimplifyNoAndNoLeaf()'><b>testSimplifyNoAndNoLeaf</b><br>Test class: org.identityconnectors.framework.common.objects.filter.FilterTranslatorTests</td>
<td></td>
<td>0</td>
<td>org.identityconnectors.framework.common.objects.filter.FilterTranslatorTests@2d97c1b1</td></tr>
<tr>
<td title='org.identityconnectors.framework.common.objects.filter.FilterTranslatorTests.testSimplifyNoAndNoOrNoLeaf()'><b>testSimplifyNoAndNoOrNoLeaf</b><br>Test class: org.identityconnectors.framework.common.objects.filter.FilterTranslatorTests</td>
<td></td>
<td>0</td>
<td>org.identityconnectors.framework.common.objects.filter.FilterTranslatorTests@2d97c1b1</td></tr>
<tr>
<td title='org.identityconnectors.framework.common.objects.filter.FilterTranslatorTests.testSimplifyNoLeaf()'><b>testSimplifyNoLeaf</b><br>Test class: org.identityconnectors.framework.common.objects.filter.FilterTranslatorTests</td>
<td></td>
<td>0</td>
<td>org.identityconnectors.framework.common.objects.filter.FilterTranslatorTests@2d97c1b1</td></tr>
<tr>
<td title='org.identityconnectors.framework.common.objects.filter.FilterTranslatorTests.testSimplifyNoLeafNoOr()'><b>testSimplifyNoLeafNoOr</b><br>Test class: org.identityconnectors.framework.common.objects.filter.FilterTranslatorTests</td>
<td></td>
<td>0</td>
<td>org.identityconnectors.framework.common.objects.filter.FilterTranslatorTests@2d97c1b1</td></tr>
<tr>
<td title='org.identityconnectors.common.StringUtilTests.testStripNewlines()'><b>testStripNewlines</b><br>Test class: org.identityconnectors.common.StringUtilTests</td>
<td></td>
<td>0</td>
<td>org.identityconnectors.common.StringUtilTests@28294944</td></tr>
<tr>
<td title='org.identityconnectors.common.StringUtilTests.testStripXmlAttribute()'><b>testStripXmlAttribute</b><br>Test class: org.identityconnectors.common.StringUtilTests</td>
<td></td>
<td>0</td>
<td>org.identityconnectors.common.StringUtilTests@28294944</td></tr>
<tr>
<td title='org.identityconnectors.common.StringUtilTests.testStripXmlComments()'><b>testStripXmlComments</b><br>Test class: org.identityconnectors.common.StringUtilTests</td>
<td></td>
<td>0</td>
<td>org.identityconnectors.common.StringUtilTests@28294944</td></tr>
<tr>
<td title='org.identityconnectors.common.StringUtilTests.testSubDigitString()'><b>testSubDigitString</b><br>Test class: org.identityconnectors.common.StringUtilTests</td>
<td></td>
<td>0</td>
<td>org.identityconnectors.common.StringUtilTests@28294944</td></tr>
<tr>
<td title='org.identityconnectors.common.script.ScriptTests.testTextNotNull()'><b>testTextNotNull</b><br>Test class: org.identityconnectors.common.script.ScriptTests</td>
<td></td>
<td>0</td>
<td>org.identityconnectors.common.script.ScriptTests@23e8f4e1</td></tr>
<tr>
<td title='org.identityconnectors.framework.common.objects.AttributeUtilTests.testToMap()'><b>testToMap</b><br>Test class: org.identityconnectors.framework.common.objects.AttributeUtilTests</td>
<td></td>
<td>0</td>
<td>org.identityconnectors.framework.common.objects.AttributeUtilTests@4db4b88d</td></tr>
<tr>
<td title='org.identityconnectors.common.StringUtilTests.testToProperties()'><b>testToProperties</b><br>Test class: org.identityconnectors.common.StringUtilTests</td>
<td></td>
<td>0</td>
<td>org.identityconnectors.common.StringUtilTests@28294944</td></tr>
<tr>
<td title='org.identityconnectors.common.VersionTests.testToString()'><b>testToString</b><br>Test class: org.identityconnectors.common.VersionTests</td>
<td></td>
<td>0</td>
<td>org.identityconnectors.common.VersionTests@26b923ee</td></tr>
<tr>
<td title='org.identityconnectors.common.security.GuardedStringTests.testUnicode()'><b>testUnicode</b><br>Test class: org.identityconnectors.common.security.GuardedStringTests</td>
<td></td>
<td>0</td>
<td>org.identityconnectors.common.security.GuardedStringTests@70ec46ff</td></tr>
<tr>
<td title='org.identityconnectors.common.CollectionUtilTests.testUnique()'><b>testUnique</b><br>Test class: org.identityconnectors.common.CollectionUtilTests</td>
<td></td>
<td>0</td>
<td>org.identityconnectors.common.CollectionUtilTests@3694f9de</td></tr>
<tr>
<td title='org.identityconnectors.common.EqualsHashCodeBuilderTests.testUnrelatedClasses()'><b>testUnrelatedClasses</b><br>Test class: org.identityconnectors.common.EqualsHashCodeBuilderTests</td>
<td></td>
<td>0</td>
<td>org.identityconnectors.common.EqualsHashCodeBuilderTests@7d4012b3</td></tr>
<tr>
<td title='org.identityconnectors.common.StringUtilTests.testWhtiespace()'><b>testWhtiespace</b><br>Test class: org.identityconnectors.common.StringUtilTests</td>
<td></td>
<td>0</td>
<td>org.identityconnectors.common.StringUtilTests@28294944</td></tr>
<tr>
<td title='org.identityconnectors.framework.common.objects.AttributeBuilderTests.uidFromBuilderDouble()'><b>uidFromBuilderDouble</b><br>Test class: org.identityconnectors.framework.common.objects.AttributeBuilderTests</td>
<td><div><pre>java.lang.IllegalArgumentException: Attribute value must be an instance of String.
	at org.identityconnectors.framework.common.objects.AttributeBuilder.getSingleStringValue(AttributeBuilder.java:213)
	at org.identityconnectors.framework.common.objects.AttributeBuilder.build(AttributeBuilder.java:184)
	at org.identityconnectors.framework.common.objects.AttributeBuilder.build(AttributeBuilder.java:87)
	at org.identityconnectors.framework.common.objects.AttributeBuilderTests.uidFromBuilderDouble(AttributeBuilderTests.java:87)
... Removed 34 stack frames</pre></div><a href='#' onClick='toggleBox("stack-trace1919631490", this, "Click to show all stack frames", "Click to hide stack frames")'>Click to show all stack frames</a>
<div class='stack-trace' id='stack-trace1919631490'><pre>java.lang.IllegalArgumentException: Attribute value must be an instance of String.
	at org.identityconnectors.framework.common.objects.AttributeBuilder.getSingleStringValue(AttributeBuilder.java:213)
	at org.identityconnectors.framework.common.objects.AttributeBuilder.build(AttributeBuilder.java:184)
	at org.identityconnectors.framework.common.objects.AttributeBuilder.build(AttributeBuilder.java:87)
	at org.identityconnectors.framework.common.objects.AttributeBuilderTests.uidFromBuilderDouble(AttributeBuilderTests.java:87)
	at sun.reflect.NativeMethodAccessorImpl.invoke0(Native Method)
	at sun.reflect.NativeMethodAccessorImpl.invoke(NativeMethodAccessorImpl.java:57)
	at sun.reflect.DelegatingMethodAccessorImpl.invoke(DelegatingMethodAccessorImpl.java:43)
	at java.lang.reflect.Method.invoke(Method.java:601)
	at org.testng.internal.MethodInvocationHelper.invokeMethod(MethodInvocationHelper.java:84)
	at org.testng.internal.Invoker.invokeMethod(Invoker.java:714)
	at org.testng.internal.Invoker.invokeTestMethod(Invoker.java:901)
	at org.testng.internal.Invoker.invokeTestMethods(Invoker.java:1231)
	at org.testng.internal.TestMethodWorker.invokeTestMethods(TestMethodWorker.java:127)
	at org.testng.internal.TestMethodWorker.run(TestMethodWorker.java:111)
	at org.testng.TestRunner.privateRun(TestRunner.java:767)
	at org.testng.TestRunner.run(TestRunner.java:617)
	at org.testng.SuiteRunner.runTest(SuiteRunner.java:334)
	at org.testng.SuiteRunner.runSequentially(SuiteRunner.java:329)
	at org.testng.SuiteRunner.privateRun(SuiteRunner.java:291)
	at org.testng.SuiteRunner.run(SuiteRunner.java:240)
	at org.testng.SuiteRunnerWorker.runSuite(SuiteRunnerWorker.java:52)
	at org.testng.SuiteRunnerWorker.run(SuiteRunnerWorker.java:86)
	at org.testng.TestNG.runSuitesSequentially(TestNG.java:1224)
	at org.testng.TestNG.runSuitesLocally(TestNG.java:1149)
	at org.testng.TestNG.run(TestNG.java:1057)
	at org.apache.maven.surefire.testng.TestNGExecutor.run(TestNGExecutor.java:77)
	at org.apache.maven.surefire.testng.TestNGDirectoryTestSuite.executeMulti(TestNGDirectoryTestSuite.java:189)
	at org.apache.maven.surefire.testng.TestNGDirectoryTestSuite.execute(TestNGDirectoryTestSuite.java:105)
	at org.apache.maven.surefire.testng.TestNGProvider.invoke(TestNGProvider.java:117)
	at sun.reflect.NativeMethodAccessorImpl.invoke0(Native Method)
	at sun.reflect.NativeMethodAccessorImpl.invoke(NativeMethodAccessorImpl.java:57)
	at sun.reflect.DelegatingMethodAccessorImpl.invoke(DelegatingMethodAccessorImpl.java:43)
	at java.lang.reflect.Method.invoke(Method.java:601)
	at org.apache.maven.surefire.util.ReflectionUtils.invokeMethodWithArray2(ReflectionUtils.java:208)
	at org.apache.maven.surefire.booter.ProviderFactory$ProviderProxy.invoke(ProviderFactory.java:159)
	at org.apache.maven.surefire.booter.ProviderFactory.invokeProvider(ProviderFactory.java:87)
	at org.apache.maven.surefire.booter.ForkedBooter.runSuitesInProcess(ForkedBooter.java:153)
	at org.apache.maven.surefire.booter.ForkedBooter.main(ForkedBooter.java:95)
</pre></div></td>
<td>0</td>
<td>org.identityconnectors.framework.common.objects.AttributeBuilderTests@499977e3</td></tr>
<tr>
<td title='org.identityconnectors.framework.common.objects.AttributeBuilderTests.uidFromBuilderInteger()'><b>uidFromBuilderInteger</b><br>Test class: org.identityconnectors.framework.common.objects.AttributeBuilderTests</td>
<td><div><pre>java.lang.IllegalArgumentException: Attribute value must be an instance of String.
	at org.identityconnectors.framework.common.objects.AttributeBuilder.getSingleStringValue(AttributeBuilder.java:213)
	at org.identityconnectors.framework.common.objects.AttributeBuilder.build(AttributeBuilder.java:184)
	at org.identityconnectors.framework.common.objects.AttributeBuilder.build(AttributeBuilder.java:87)
	at org.identityconnectors.framework.common.objects.AttributeBuilderTests.uidFromBuilderInteger(AttributeBuilderTests.java:79)
... Removed 34 stack frames</pre></div><a href='#' onClick='toggleBox("stack-trace1599623549", this, "Click to show all stack frames", "Click to hide stack frames")'>Click to show all stack frames</a>
<div class='stack-trace' id='stack-trace1599623549'><pre>java.lang.IllegalArgumentException: Attribute value must be an instance of String.
	at org.identityconnectors.framework.common.objects.AttributeBuilder.getSingleStringValue(AttributeBuilder.java:213)
	at org.identityconnectors.framework.common.objects.AttributeBuilder.build(AttributeBuilder.java:184)
	at org.identityconnectors.framework.common.objects.AttributeBuilder.build(AttributeBuilder.java:87)
	at org.identityconnectors.framework.common.objects.AttributeBuilderTests.uidFromBuilderInteger(AttributeBuilderTests.java:79)
	at sun.reflect.NativeMethodAccessorImpl.invoke0(Native Method)
	at sun.reflect.NativeMethodAccessorImpl.invoke(NativeMethodAccessorImpl.java:57)
	at sun.reflect.DelegatingMethodAccessorImpl.invoke(DelegatingMethodAccessorImpl.java:43)
	at java.lang.reflect.Method.invoke(Method.java:601)
	at org.testng.internal.MethodInvocationHelper.invokeMethod(MethodInvocationHelper.java:84)
	at org.testng.internal.Invoker.invokeMethod(Invoker.java:714)
	at org.testng.internal.Invoker.invokeTestMethod(Invoker.java:901)
	at org.testng.internal.Invoker.invokeTestMethods(Invoker.java:1231)
	at org.testng.internal.TestMethodWorker.invokeTestMethods(TestMethodWorker.java:127)
	at org.testng.internal.TestMethodWorker.run(TestMethodWorker.java:111)
	at org.testng.TestRunner.privateRun(TestRunner.java:767)
	at org.testng.TestRunner.run(TestRunner.java:617)
	at org.testng.SuiteRunner.runTest(SuiteRunner.java:334)
	at org.testng.SuiteRunner.runSequentially(SuiteRunner.java:329)
	at org.testng.SuiteRunner.privateRun(SuiteRunner.java:291)
	at org.testng.SuiteRunner.run(SuiteRunner.java:240)
	at org.testng.SuiteRunnerWorker.runSuite(SuiteRunnerWorker.java:52)
	at org.testng.SuiteRunnerWorker.run(SuiteRunnerWorker.java:86)
	at org.testng.TestNG.runSuitesSequentially(TestNG.java:1224)
	at org.testng.TestNG.runSuitesLocally(TestNG.java:1149)
	at org.testng.TestNG.run(TestNG.java:1057)
	at org.apache.maven.surefire.testng.TestNGExecutor.run(TestNGExecutor.java:77)
	at org.apache.maven.surefire.testng.TestNGDirectoryTestSuite.executeMulti(TestNGDirectoryTestSuite.java:189)
	at org.apache.maven.surefire.testng.TestNGDirectoryTestSuite.execute(TestNGDirectoryTestSuite.java:105)
	at org.apache.maven.surefire.testng.TestNGProvider.invoke(TestNGProvider.java:117)
	at sun.reflect.NativeMethodAccessorImpl.invoke0(Native Method)
	at sun.reflect.NativeMethodAccessorImpl.invoke(NativeMethodAccessorImpl.java:57)
	at sun.reflect.DelegatingMethodAccessorImpl.invoke(DelegatingMethodAccessorImpl.java:43)
	at java.lang.reflect.Method.invoke(Method.java:601)
	at org.apache.maven.surefire.util.ReflectionUtils.invokeMethodWithArray2(ReflectionUtils.java:208)
	at org.apache.maven.surefire.booter.ProviderFactory$ProviderProxy.invoke(ProviderFactory.java:159)
	at org.apache.maven.surefire.booter.ProviderFactory.invokeProvider(ProviderFactory.java:87)
	at org.apache.maven.surefire.booter.ForkedBooter.runSuitesInProcess(ForkedBooter.java:153)
	at org.apache.maven.surefire.booter.ForkedBooter.main(ForkedBooter.java:95)
</pre></div></td>
<td>0</td>
<td>org.identityconnectors.framework.common.objects.AttributeBuilderTests@499977e3</td></tr>
<tr>
<td title='org.identityconnectors.framework.common.objects.AttributeBuilderTests.uidFromBuilderLong()'><b>uidFromBuilderLong</b><br>Test class: org.identityconnectors.framework.common.objects.AttributeBuilderTests</td>
<td><div><pre>java.lang.IllegalArgumentException: Attribute value must be an instance of String.
	at org.identityconnectors.framework.common.objects.AttributeBuilder.getSingleStringValue(AttributeBuilder.java:213)
	at org.identityconnectors.framework.common.objects.AttributeBuilder.build(AttributeBuilder.java:184)
	at org.identityconnectors.framework.common.objects.AttributeBuilder.build(AttributeBuilder.java:87)
	at org.identityconnectors.framework.common.objects.AttributeBuilderTests.uidFromBuilderLong(AttributeBuilderTests.java:83)
... Removed 34 stack frames</pre></div><a href='#' onClick='toggleBox("stack-trace525211250", this, "Click to show all stack frames", "Click to hide stack frames")'>Click to show all stack frames</a>
<div class='stack-trace' id='stack-trace525211250'><pre>java.lang.IllegalArgumentException: Attribute value must be an instance of String.
	at org.identityconnectors.framework.common.objects.AttributeBuilder.getSingleStringValue(AttributeBuilder.java:213)
	at org.identityconnectors.framework.common.objects.AttributeBuilder.build(AttributeBuilder.java:184)
	at org.identityconnectors.framework.common.objects.AttributeBuilder.build(AttributeBuilder.java:87)
	at org.identityconnectors.framework.common.objects.AttributeBuilderTests.uidFromBuilderLong(AttributeBuilderTests.java:83)
	at sun.reflect.NativeMethodAccessorImpl.invoke0(Native Method)
	at sun.reflect.NativeMethodAccessorImpl.invoke(NativeMethodAccessorImpl.java:57)
	at sun.reflect.DelegatingMethodAccessorImpl.invoke(DelegatingMethodAccessorImpl.java:43)
	at java.lang.reflect.Method.invoke(Method.java:601)
	at org.testng.internal.MethodInvocationHelper.invokeMethod(MethodInvocationHelper.java:84)
	at org.testng.internal.Invoker.invokeMethod(Invoker.java:714)
	at org.testng.internal.Invoker.invokeTestMethod(Invoker.java:901)
	at org.testng.internal.Invoker.invokeTestMethods(Invoker.java:1231)
	at org.testng.internal.TestMethodWorker.invokeTestMethods(TestMethodWorker.java:127)
	at org.testng.internal.TestMethodWorker.run(TestMethodWorker.java:111)
	at org.testng.TestRunner.privateRun(TestRunner.java:767)
	at org.testng.TestRunner.run(TestRunner.java:617)
	at org.testng.SuiteRunner.runTest(SuiteRunner.java:334)
	at org.testng.SuiteRunner.runSequentially(SuiteRunner.java:329)
	at org.testng.SuiteRunner.privateRun(SuiteRunner.java:291)
	at org.testng.SuiteRunner.run(SuiteRunner.java:240)
	at org.testng.SuiteRunnerWorker.runSuite(SuiteRunnerWorker.java:52)
	at org.testng.SuiteRunnerWorker.run(SuiteRunnerWorker.java:86)
	at org.testng.TestNG.runSuitesSequentially(TestNG.java:1224)
	at org.testng.TestNG.runSuitesLocally(TestNG.java:1149)
	at org.testng.TestNG.run(TestNG.java:1057)
	at org.apache.maven.surefire.testng.TestNGExecutor.run(TestNGExecutor.java:77)
	at org.apache.maven.surefire.testng.TestNGDirectoryTestSuite.executeMulti(TestNGDirectoryTestSuite.java:189)
	at org.apache.maven.surefire.testng.TestNGDirectoryTestSuite.execute(TestNGDirectoryTestSuite.java:105)
	at org.apache.maven.surefire.testng.TestNGProvider.invoke(TestNGProvider.java:117)
	at sun.reflect.NativeMethodAccessorImpl.invoke0(Native Method)
	at sun.reflect.NativeMethodAccessorImpl.invoke(NativeMethodAccessorImpl.java:57)
	at sun.reflect.DelegatingMethodAccessorImpl.invoke(DelegatingMethodAccessorImpl.java:43)
	at java.lang.reflect.Method.invoke(Method.java:601)
	at org.apache.maven.surefire.util.ReflectionUtils.invokeMethodWithArray2(ReflectionUtils.java:208)
	at org.apache.maven.surefire.booter.ProviderFactory$ProviderProxy.invoke(ProviderFactory.java:159)
	at org.apache.maven.surefire.booter.ProviderFactory.invokeProvider(ProviderFactory.java:87)
	at org.apache.maven.surefire.booter.ForkedBooter.runSuitesInProcess(ForkedBooter.java:153)
	at org.apache.maven.surefire.booter.ForkedBooter.main(ForkedBooter.java:95)
</pre></div></td>
<td>0</td>
<td>org.identityconnectors.framework.common.objects.AttributeBuilderTests@499977e3</td></tr>
</table><p>
</body>
</html>